

Started GET "/" for ::1 at 2016-02-20 18:49:51 -0500

ActiveRecord::PendingMigrationError (

Migrations are pending. To resolve this issue, run:

	bin/rake db:migrate RAILS_ENV=development

):
  activerecord (4.2.5) lib/active_record/migration.rb:392:in `check_pending!'
  activerecord (4.2.5) lib/active_record/migration.rb:373:in `call'
  actionpack (4.2.5) lib/action_dispatch/middleware/callbacks.rb:29:in `block in call'
  activesupport (4.2.5) lib/active_support/callbacks.rb:88:in `__run_callbacks__'
  activesupport (4.2.5) lib/active_support/callbacks.rb:778:in `_run_call_callbacks'
  activesupport (4.2.5) lib/active_support/callbacks.rb:81:in `run_callbacks'
  actionpack (4.2.5) lib/action_dispatch/middleware/callbacks.rb:27:in `call'
  actionpack (4.2.5) lib/action_dispatch/middleware/reloader.rb:73:in `call'
  actionpack (4.2.5) lib/action_dispatch/middleware/remote_ip.rb:78:in `call'
  actionpack (4.2.5) lib/action_dispatch/middleware/debug_exceptions.rb:17:in `call'
  web-console (2.2.1) lib/web_console/middleware.rb:39:in `call'
  actionpack (4.2.5) lib/action_dispatch/middleware/show_exceptions.rb:30:in `call'
  railties (4.2.5) lib/rails/rack/logger.rb:38:in `call_app'
  railties (4.2.5) lib/rails/rack/logger.rb:20:in `block in call'
  activesupport (4.2.5) lib/active_support/tagged_logging.rb:68:in `block in tagged'
  activesupport (4.2.5) lib/active_support/tagged_logging.rb:26:in `tagged'
  activesupport (4.2.5) lib/active_support/tagged_logging.rb:68:in `tagged'
  railties (4.2.5) lib/rails/rack/logger.rb:20:in `call'
  actionpack (4.2.5) lib/action_dispatch/middleware/request_id.rb:21:in `call'
  rack (1.6.4) lib/rack/methodoverride.rb:22:in `call'
  rack (1.6.4) lib/rack/runtime.rb:18:in `call'
  activesupport (4.2.5) lib/active_support/cache/strategy/local_cache_middleware.rb:28:in `call'
  rack (1.6.4) lib/rack/lock.rb:17:in `call'
  actionpack (4.2.5) lib/action_dispatch/middleware/static.rb:116:in `call'
  rack (1.6.4) lib/rack/sendfile.rb:113:in `call'
  railties (4.2.5) lib/rails/engine.rb:518:in `call'
  railties (4.2.5) lib/rails/application.rb:165:in `call'
  rack (1.6.4) lib/rack/lock.rb:17:in `call'
  rack (1.6.4) lib/rack/content_length.rb:15:in `call'
  rack (1.6.4) lib/rack/handler/webrick.rb:88:in `service'
  /Users/scottcreynolds/.rvm/rubies/ruby-2.1.2/lib/ruby/2.1.0/webrick/httpserver.rb:138:in `service'
  /Users/scottcreynolds/.rvm/rubies/ruby-2.1.2/lib/ruby/2.1.0/webrick/httpserver.rb:94:in `run'
  /Users/scottcreynolds/.rvm/rubies/ruby-2.1.2/lib/ruby/2.1.0/webrick/server.rb:295:in `block in start_thread'


  Rendered /Users/scottcreynolds/.rvm/gems/ruby-2.1.2/gems/actionpack-4.2.5/lib/action_dispatch/middleware/templates/rescues/_source.erb (2.2ms)
  Rendered /Users/scottcreynolds/.rvm/gems/ruby-2.1.2/gems/actionpack-4.2.5/lib/action_dispatch/middleware/templates/rescues/_trace.html.erb (1.3ms)
  Rendered /Users/scottcreynolds/.rvm/gems/ruby-2.1.2/gems/actionpack-4.2.5/lib/action_dispatch/middleware/templates/rescues/_request_and_response.html.erb (1.2ms)
  Rendered /Users/scottcreynolds/.rvm/gems/ruby-2.1.2/gems/actionpack-4.2.5/lib/action_dispatch/middleware/templates/rescues/diagnostics.html.erb within rescues/layout (23.6ms)
  Rendered /Users/scottcreynolds/.rvm/gems/ruby-2.1.2/gems/web-console-2.2.1/lib/web_console/templates/_markup.html.erb (0.4ms)
  Rendered /Users/scottcreynolds/.rvm/gems/ruby-2.1.2/gems/web-console-2.2.1/lib/web_console/templates/_inner_console_markup.html.erb within layouts/inlined_string (0.3ms)
  Rendered /Users/scottcreynolds/.rvm/gems/ruby-2.1.2/gems/web-console-2.2.1/lib/web_console/templates/_prompt_box_markup.html.erb within layouts/inlined_string (0.3ms)
  Rendered /Users/scottcreynolds/.rvm/gems/ruby-2.1.2/gems/web-console-2.2.1/lib/web_console/templates/style.css.erb within layouts/inlined_string (0.3ms)
  Rendered /Users/scottcreynolds/.rvm/gems/ruby-2.1.2/gems/web-console-2.2.1/lib/web_console/templates/console.js.erb within layouts/javascript (20.5ms)
  Rendered /Users/scottcreynolds/.rvm/gems/ruby-2.1.2/gems/web-console-2.2.1/lib/web_console/templates/main.js.erb within layouts/javascript (0.6ms)
  Rendered /Users/scottcreynolds/.rvm/gems/ruby-2.1.2/gems/web-console-2.2.1/lib/web_console/templates/error_page.js.erb within layouts/javascript (0.4ms)
  Rendered /Users/scottcreynolds/.rvm/gems/ruby-2.1.2/gems/web-console-2.2.1/lib/web_console/templates/index.html.erb (48.6ms)
  [1m[36m (1.0ms)[0m  [1mCREATE TABLE "schema_migrations" ("version" varchar NOT NULL) [0m
  [1m[35m (0.4ms)[0m  select sqlite_version(*)
  [1m[36m (0.8ms)[0m  [1mCREATE UNIQUE INDEX "unique_schema_migrations" ON "schema_migrations" ("version")[0m
  [1m[35mActiveRecord::SchemaMigration Load (0.1ms)[0m  SELECT "schema_migrations".* FROM "schema_migrations"
Migrating to CreateOrders (20160125165439)
  [1m[36m (0.1ms)[0m  [1mbegin transaction[0m
  [1m[35m (0.7ms)[0m  CREATE TABLE "orders" ("id" INTEGER PRIMARY KEY AUTOINCREMENT NOT NULL, "customer_id" integer, "invoice_id" integer, "created_at" datetime NOT NULL, "updated_at" datetime NOT NULL) 
  [1m[36mSQL (0.2ms)[0m  [1mINSERT INTO "schema_migrations" ("version") VALUES (?)[0m  [["version", "20160125165439"]]
  [1m[35m (0.8ms)[0m  commit transaction
Migrating to CreateInvoices (20160125170351)
  [1m[36m (0.1ms)[0m  [1mbegin transaction[0m
  [1m[35m (0.6ms)[0m  CREATE TABLE "invoices" ("id" INTEGER PRIMARY KEY AUTOINCREMENT NOT NULL, "created_at" datetime NOT NULL, "updated_at" datetime NOT NULL) 
  [1m[36mSQL (0.2ms)[0m  [1mINSERT INTO "schema_migrations" ("version") VALUES (?)[0m  [["version", "20160125170351"]]
  [1m[35m (0.7ms)[0m  commit transaction
Migrating to CreateCustomers (20160125172252)
  [1m[36m (0.1ms)[0m  [1mbegin transaction[0m
  [1m[35m (0.5ms)[0m  CREATE TABLE "customers" ("id" INTEGER PRIMARY KEY AUTOINCREMENT NOT NULL, "name" varchar, "created_at" datetime NOT NULL, "updated_at" datetime NOT NULL) 
  [1m[36mSQL (0.2ms)[0m  [1mINSERT INTO "schema_migrations" ("version") VALUES (?)[0m  [["version", "20160125172252"]]
  [1m[35m (0.6ms)[0m  commit transaction
Migrating to CreateProducts (20160125172335)
  [1m[36m (0.1ms)[0m  [1mbegin transaction[0m
  [1m[35m (0.4ms)[0m  CREATE TABLE "products" ("id" INTEGER PRIMARY KEY AUTOINCREMENT NOT NULL, "name" varchar, "price" integer, "created_at" datetime NOT NULL, "updated_at" datetime NOT NULL) 
  [1m[36mSQL (0.2ms)[0m  [1mINSERT INTO "schema_migrations" ("version") VALUES (?)[0m  [["version", "20160125172335"]]
  [1m[35m (0.6ms)[0m  commit transaction
Migrating to CreateOrderedproducts (20160125172450)
  [1m[36m (0.1ms)[0m  [1mbegin transaction[0m
  [1m[35m (0.4ms)[0m  CREATE TABLE "ordered_products" ("id" INTEGER PRIMARY KEY AUTOINCREMENT NOT NULL, "product_id" integer, "order_id" integer, "created_at" datetime NOT NULL, "updated_at" datetime NOT NULL) 
  [1m[36mSQL (0.1ms)[0m  [1mINSERT INTO "schema_migrations" ("version") VALUES (?)[0m  [["version", "20160125172450"]]
  [1m[35m (0.6ms)[0m  commit transaction
  [1m[36mActiveRecord::SchemaMigration Load (0.2ms)[0m  [1mSELECT "schema_migrations".* FROM "schema_migrations"[0m


Started GET "/" for ::1 at 2016-02-20 18:50:04 -0500
  [1m[36mActiveRecord::SchemaMigration Load (0.1ms)[0m  [1mSELECT "schema_migrations".* FROM "schema_migrations"[0m
Processing by Rails::WelcomeController#index as HTML
  Rendered /Users/scottcreynolds/.rvm/gems/ruby-2.1.2/gems/railties-4.2.5/lib/rails/templates/rails/welcome/index.html.erb (1.0ms)
Completed 200 OK in 13ms (Views: 4.9ms | ActiveRecord: 0.0ms)


Started GET "/orders" for ::1 at 2016-02-20 18:50:11 -0500
Processing by OrdersController#index as HTML
  [1m[35mOrder Load (0.1ms)[0m  SELECT "orders".* FROM "orders"
  Rendered collection (0.0ms)
  Rendered orders/index.html.erb within layouts/application (1.5ms)
Completed 200 OK in 1500ms (Views: 1490.1ms | ActiveRecord: 0.2ms)


Started GET "/assets/static.self-e3b0c44298fc1c149afbf4c8996fb92427ae41e4649b934ca495991b7852b855.css?body=1" for ::1 at 2016-02-20 18:50:13 -0500


Started GET "/assets/store_admin.self-e3b0c44298fc1c149afbf4c8996fb92427ae41e4649b934ca495991b7852b855.css?body=1" for ::1 at 2016-02-20 18:50:13 -0500


Started GET "/assets/application.self-e80e8f2318043e8af94dddc2adad5a4f09739a8ebb323b3ab31cd71d45fd9113.css?body=1" for ::1 at 2016-02-20 18:50:13 -0500


Started GET "/assets/jquery.self-c64a74367bda6ef8b860f19e74df08927ca99d2be2ac934e9e92d5fd361e0da4.js?body=1" for ::1 at 2016-02-20 18:50:13 -0500


Started GET "/assets/jquery_ujs.self-d602bdfe68ffc63b9f9cc512872aa3cfff046228a0a36e90dd476e8ef54c1b09.js?body=1" for ::1 at 2016-02-20 18:50:13 -0500


Started GET "/assets/turbolinks.self-c37727e9bd6b2735da5c311aa83fead54ed0be6cc8bd9a65309e9c5abe2cbfff.js?body=1" for ::1 at 2016-02-20 18:50:13 -0500


Started GET "/assets/static.self-877aef30ae1b040ab8a3aba4e3e309a11d7f2612f44dde450b5c157aa5f95c05.js?body=1" for ::1 at 2016-02-20 18:50:13 -0500


Started GET "/assets/store_admin.self-877aef30ae1b040ab8a3aba4e3e309a11d7f2612f44dde450b5c157aa5f95c05.js?body=1" for ::1 at 2016-02-20 18:50:13 -0500


Started GET "/assets/application.self-3b8dabdc891efe46b9a144b400ad69e37d7e5876bdc39dee783419a69d7ca819.js?body=1" for ::1 at 2016-02-20 18:50:13 -0500


Started GET "/products" for ::1 at 2016-02-20 18:50:27 -0500

ActionController::RoutingError (No route matches [GET] "/products"):
  actionpack (4.2.5) lib/action_dispatch/middleware/debug_exceptions.rb:21:in `call'
  web-console (2.2.1) lib/web_console/middleware.rb:39:in `call'
  actionpack (4.2.5) lib/action_dispatch/middleware/show_exceptions.rb:30:in `call'
  railties (4.2.5) lib/rails/rack/logger.rb:38:in `call_app'
  railties (4.2.5) lib/rails/rack/logger.rb:20:in `block in call'
  activesupport (4.2.5) lib/active_support/tagged_logging.rb:68:in `block in tagged'
  activesupport (4.2.5) lib/active_support/tagged_logging.rb:26:in `tagged'
  activesupport (4.2.5) lib/active_support/tagged_logging.rb:68:in `tagged'
  railties (4.2.5) lib/rails/rack/logger.rb:20:in `call'
  actionpack (4.2.5) lib/action_dispatch/middleware/request_id.rb:21:in `call'
  rack (1.6.4) lib/rack/methodoverride.rb:22:in `call'
  rack (1.6.4) lib/rack/runtime.rb:18:in `call'
  activesupport (4.2.5) lib/active_support/cache/strategy/local_cache_middleware.rb:28:in `call'
  rack (1.6.4) lib/rack/lock.rb:17:in `call'
  actionpack (4.2.5) lib/action_dispatch/middleware/static.rb:116:in `call'
  rack (1.6.4) lib/rack/sendfile.rb:113:in `call'
  railties (4.2.5) lib/rails/engine.rb:518:in `call'
  railties (4.2.5) lib/rails/application.rb:165:in `call'
  rack (1.6.4) lib/rack/lock.rb:17:in `call'
  rack (1.6.4) lib/rack/content_length.rb:15:in `call'
  rack (1.6.4) lib/rack/handler/webrick.rb:88:in `service'
  /Users/scottcreynolds/.rvm/rubies/ruby-2.1.2/lib/ruby/2.1.0/webrick/httpserver.rb:138:in `service'
  /Users/scottcreynolds/.rvm/rubies/ruby-2.1.2/lib/ruby/2.1.0/webrick/httpserver.rb:94:in `run'
  /Users/scottcreynolds/.rvm/rubies/ruby-2.1.2/lib/ruby/2.1.0/webrick/server.rb:295:in `block in start_thread'


  Rendered /Users/scottcreynolds/.rvm/gems/ruby-2.1.2/gems/actionpack-4.2.5/lib/action_dispatch/middleware/templates/rescues/_trace.html.erb (1.2ms)
  Rendered /Users/scottcreynolds/.rvm/gems/ruby-2.1.2/gems/actionpack-4.2.5/lib/action_dispatch/middleware/templates/routes/_route.html.erb (1.8ms)
  Rendered /Users/scottcreynolds/.rvm/gems/ruby-2.1.2/gems/actionpack-4.2.5/lib/action_dispatch/middleware/templates/routes/_table.html.erb (10.0ms)
  Rendered /Users/scottcreynolds/.rvm/gems/ruby-2.1.2/gems/actionpack-4.2.5/lib/action_dispatch/middleware/templates/rescues/_request_and_response.html.erb (1.2ms)
  Rendered /Users/scottcreynolds/.rvm/gems/ruby-2.1.2/gems/actionpack-4.2.5/lib/action_dispatch/middleware/templates/rescues/routing_error.html.erb within rescues/layout (37.8ms)
  Rendered /Users/scottcreynolds/.rvm/gems/ruby-2.1.2/gems/web-console-2.2.1/lib/web_console/templates/_markup.html.erb (0.5ms)
  Rendered /Users/scottcreynolds/.rvm/gems/ruby-2.1.2/gems/web-console-2.2.1/lib/web_console/templates/_inner_console_markup.html.erb within layouts/inlined_string (0.3ms)
  Rendered /Users/scottcreynolds/.rvm/gems/ruby-2.1.2/gems/web-console-2.2.1/lib/web_console/templates/_prompt_box_markup.html.erb within layouts/inlined_string (0.3ms)
  Rendered /Users/scottcreynolds/.rvm/gems/ruby-2.1.2/gems/web-console-2.2.1/lib/web_console/templates/style.css.erb within layouts/inlined_string (0.3ms)
  Rendered /Users/scottcreynolds/.rvm/gems/ruby-2.1.2/gems/web-console-2.2.1/lib/web_console/templates/console.js.erb within layouts/javascript (12.9ms)
  Rendered /Users/scottcreynolds/.rvm/gems/ruby-2.1.2/gems/web-console-2.2.1/lib/web_console/templates/main.js.erb within layouts/javascript (0.3ms)
  Rendered /Users/scottcreynolds/.rvm/gems/ruby-2.1.2/gems/web-console-2.2.1/lib/web_console/templates/error_page.js.erb within layouts/javascript (0.3ms)
  Rendered /Users/scottcreynolds/.rvm/gems/ruby-2.1.2/gems/web-console-2.2.1/lib/web_console/templates/index.html.erb (27.8ms)


Started PUT "/console/repl_sessions/8ecb00b6f80990d70a2bee395c549858" for ::1 at 2016-02-20 20:03:47 -0500


Started PUT "/console/repl_sessions/8ecb00b6f80990d70a2bee395c549858" for ::1 at 2016-02-20 20:03:49 -0500


Started GET "/products" for ::1 at 2016-02-20 23:08:44 -0500
  [1m[36mActiveRecord::SchemaMigration Load (0.1ms)[0m  [1mSELECT "schema_migrations".* FROM "schema_migrations"[0m

ActiveRecord::PendingMigrationError (

Migrations are pending. To resolve this issue, run:

	bin/rake db:migrate RAILS_ENV=development

):
  activerecord (4.2.5) lib/active_record/migration.rb:392:in `check_pending!'
  activerecord (4.2.5) lib/active_record/migration.rb:373:in `call'
  actionpack (4.2.5) lib/action_dispatch/middleware/callbacks.rb:29:in `block in call'
  activesupport (4.2.5) lib/active_support/callbacks.rb:88:in `__run_callbacks__'
  activesupport (4.2.5) lib/active_support/callbacks.rb:778:in `_run_call_callbacks'
  activesupport (4.2.5) lib/active_support/callbacks.rb:81:in `run_callbacks'
  actionpack (4.2.5) lib/action_dispatch/middleware/callbacks.rb:27:in `call'
  actionpack (4.2.5) lib/action_dispatch/middleware/reloader.rb:73:in `call'
  actionpack (4.2.5) lib/action_dispatch/middleware/remote_ip.rb:78:in `call'
  actionpack (4.2.5) lib/action_dispatch/middleware/debug_exceptions.rb:17:in `call'
  web-console (2.2.1) lib/web_console/middleware.rb:39:in `call'
  actionpack (4.2.5) lib/action_dispatch/middleware/show_exceptions.rb:30:in `call'
  railties (4.2.5) lib/rails/rack/logger.rb:38:in `call_app'
  railties (4.2.5) lib/rails/rack/logger.rb:20:in `block in call'
  activesupport (4.2.5) lib/active_support/tagged_logging.rb:68:in `block in tagged'
  activesupport (4.2.5) lib/active_support/tagged_logging.rb:26:in `tagged'
  activesupport (4.2.5) lib/active_support/tagged_logging.rb:68:in `tagged'
  railties (4.2.5) lib/rails/rack/logger.rb:20:in `call'
  actionpack (4.2.5) lib/action_dispatch/middleware/request_id.rb:21:in `call'
  rack (1.6.4) lib/rack/methodoverride.rb:22:in `call'
  rack (1.6.4) lib/rack/runtime.rb:18:in `call'
  activesupport (4.2.5) lib/active_support/cache/strategy/local_cache_middleware.rb:28:in `call'
  rack (1.6.4) lib/rack/lock.rb:17:in `call'
  actionpack (4.2.5) lib/action_dispatch/middleware/static.rb:116:in `call'
  rack (1.6.4) lib/rack/sendfile.rb:113:in `call'
  railties (4.2.5) lib/rails/engine.rb:518:in `call'
  railties (4.2.5) lib/rails/application.rb:165:in `call'
  rack (1.6.4) lib/rack/lock.rb:17:in `call'
  rack (1.6.4) lib/rack/content_length.rb:15:in `call'
  rack (1.6.4) lib/rack/handler/webrick.rb:88:in `service'
  /Users/scottcreynolds/.rvm/rubies/ruby-2.1.2/lib/ruby/2.1.0/webrick/httpserver.rb:138:in `service'
  /Users/scottcreynolds/.rvm/rubies/ruby-2.1.2/lib/ruby/2.1.0/webrick/httpserver.rb:94:in `run'
  /Users/scottcreynolds/.rvm/rubies/ruby-2.1.2/lib/ruby/2.1.0/webrick/server.rb:295:in `block in start_thread'


  Rendered /Users/scottcreynolds/.rvm/gems/ruby-2.1.2/gems/actionpack-4.2.5/lib/action_dispatch/middleware/templates/rescues/_source.erb (4.2ms)
  Rendered /Users/scottcreynolds/.rvm/gems/ruby-2.1.2/gems/actionpack-4.2.5/lib/action_dispatch/middleware/templates/rescues/_trace.html.erb (2.7ms)
  Rendered /Users/scottcreynolds/.rvm/gems/ruby-2.1.2/gems/actionpack-4.2.5/lib/action_dispatch/middleware/templates/rescues/_request_and_response.html.erb (2.1ms)
  Rendered /Users/scottcreynolds/.rvm/gems/ruby-2.1.2/gems/actionpack-4.2.5/lib/action_dispatch/middleware/templates/rescues/diagnostics.html.erb within rescues/layout (27.2ms)
  Rendered /Users/scottcreynolds/.rvm/gems/ruby-2.1.2/gems/web-console-2.2.1/lib/web_console/templates/_markup.html.erb (0.5ms)
  Rendered /Users/scottcreynolds/.rvm/gems/ruby-2.1.2/gems/web-console-2.2.1/lib/web_console/templates/_inner_console_markup.html.erb within layouts/inlined_string (0.4ms)
  Rendered /Users/scottcreynolds/.rvm/gems/ruby-2.1.2/gems/web-console-2.2.1/lib/web_console/templates/_prompt_box_markup.html.erb within layouts/inlined_string (0.4ms)
  Rendered /Users/scottcreynolds/.rvm/gems/ruby-2.1.2/gems/web-console-2.2.1/lib/web_console/templates/style.css.erb within layouts/inlined_string (0.5ms)
  Rendered /Users/scottcreynolds/.rvm/gems/ruby-2.1.2/gems/web-console-2.2.1/lib/web_console/templates/console.js.erb within layouts/javascript (19.0ms)
  Rendered /Users/scottcreynolds/.rvm/gems/ruby-2.1.2/gems/web-console-2.2.1/lib/web_console/templates/main.js.erb within layouts/javascript (0.5ms)
  Rendered /Users/scottcreynolds/.rvm/gems/ruby-2.1.2/gems/web-console-2.2.1/lib/web_console/templates/error_page.js.erb within layouts/javascript (0.5ms)
  Rendered /Users/scottcreynolds/.rvm/gems/ruby-2.1.2/gems/web-console-2.2.1/lib/web_console/templates/index.html.erb (42.9ms)
  [1m[36mActiveRecord::SchemaMigration Load (0.1ms)[0m  [1mSELECT "schema_migrations".* FROM "schema_migrations"[0m
Migrating to AddFieldsToProducts (20160221021155)
  [1m[35m (0.1ms)[0m  begin transaction
  [1m[36m (0.4ms)[0m  [1mALTER TABLE "products" ADD "inventory" integer[0m
  [1m[35m (0.2ms)[0m  ALTER TABLE "products" ADD "description" varchar
  [1m[36mSQL (0.2ms)[0m  [1mINSERT INTO "schema_migrations" ("version") VALUES (?)[0m  [["version", "20160221021155"]]
  [1m[35m (0.6ms)[0m  commit transaction
  [1m[36mActiveRecord::SchemaMigration Load (0.1ms)[0m  [1mSELECT "schema_migrations".* FROM "schema_migrations"[0m


Started GET "/products" for ::1 at 2016-02-20 23:10:51 -0500
  [1m[35mActiveRecord::SchemaMigration Load (0.1ms)[0m  SELECT "schema_migrations".* FROM "schema_migrations"
Processing by ProductsController#index as HTML
  [1m[36mProduct Load (0.2ms)[0m  [1mSELECT "products".* FROM "products"[0m
  Rendered products/index.html.erb within layouts/application (3.1ms)
Completed 200 OK in 44ms (Views: 34.2ms | ActiveRecord: 0.4ms)


Started GET "/assets/static.self-e3b0c44298fc1c149afbf4c8996fb92427ae41e4649b934ca495991b7852b855.css?body=1" for ::1 at 2016-02-20 23:10:52 -0500


Started GET "/assets/application.self-e80e8f2318043e8af94dddc2adad5a4f09739a8ebb323b3ab31cd71d45fd9113.css?body=1" for ::1 at 2016-02-20 23:10:52 -0500


Started GET "/assets/store_admin.self-e3b0c44298fc1c149afbf4c8996fb92427ae41e4649b934ca495991b7852b855.css?body=1" for ::1 at 2016-02-20 23:10:52 -0500


Started GET "/assets/jquery.self-c64a74367bda6ef8b860f19e74df08927ca99d2be2ac934e9e92d5fd361e0da4.js?body=1" for ::1 at 2016-02-20 23:10:52 -0500


Started GET "/assets/jquery_ujs.self-d602bdfe68ffc63b9f9cc512872aa3cfff046228a0a36e90dd476e8ef54c1b09.js?body=1" for ::1 at 2016-02-20 23:10:52 -0500


Started GET "/assets/turbolinks.self-c37727e9bd6b2735da5c311aa83fead54ed0be6cc8bd9a65309e9c5abe2cbfff.js?body=1" for ::1 at 2016-02-20 23:10:52 -0500


Started GET "/assets/store_admin.self-877aef30ae1b040ab8a3aba4e3e309a11d7f2612f44dde450b5c157aa5f95c05.js?body=1" for ::1 at 2016-02-20 23:10:52 -0500


Started GET "/assets/static.self-877aef30ae1b040ab8a3aba4e3e309a11d7f2612f44dde450b5c157aa5f95c05.js?body=1" for ::1 at 2016-02-20 23:10:52 -0500


Started GET "/assets/application.self-3b8dabdc891efe46b9a144b400ad69e37d7e5876bdc39dee783419a69d7ca819.js?body=1" for ::1 at 2016-02-20 23:10:52 -0500


Started GET "/assets/jquery_ujs.self-d602bdfe68ffc63b9f9cc512872aa3cfff046228a0a36e90dd476e8ef54c1b09.js?body=1" for ::1 at 2016-02-20 23:10:52 -0500


Started GET "/assets/turbolinks.self-c37727e9bd6b2735da5c311aa83fead54ed0be6cc8bd9a65309e9c5abe2cbfff.js?body=1" for ::1 at 2016-02-20 23:10:52 -0500


Started GET "/assets/static.self-877aef30ae1b040ab8a3aba4e3e309a11d7f2612f44dde450b5c157aa5f95c05.js?body=1" for ::1 at 2016-02-20 23:10:52 -0500


Started GET "/assets/application.self-3b8dabdc891efe46b9a144b400ad69e37d7e5876bdc39dee783419a69d7ca819.js?body=1" for ::1 at 2016-02-20 23:10:52 -0500


Started GET "/products" for ::1 at 2016-02-20 23:14:10 -0500
Processing by ProductsController#index as HTML
  [1m[35mProduct Load (0.1ms)[0m  SELECT "products".* FROM "products"
  Rendered products/index.html.erb within layouts/application (1.0ms)
Completed 200 OK in 16ms (Views: 15.4ms | ActiveRecord: 0.1ms)


Started GET "/assets/static.self-e3b0c44298fc1c149afbf4c8996fb92427ae41e4649b934ca495991b7852b855.css?body=1" for ::1 at 2016-02-20 23:14:11 -0500


Started GET "/assets/jquery.self-c64a74367bda6ef8b860f19e74df08927ca99d2be2ac934e9e92d5fd361e0da4.js?body=1" for ::1 at 2016-02-20 23:14:11 -0500


Started GET "/assets/application.self-e80e8f2318043e8af94dddc2adad5a4f09739a8ebb323b3ab31cd71d45fd9113.css?body=1" for ::1 at 2016-02-20 23:14:11 -0500


Started GET "/assets/jquery_ujs.self-d602bdfe68ffc63b9f9cc512872aa3cfff046228a0a36e90dd476e8ef54c1b09.js?body=1" for ::1 at 2016-02-20 23:14:11 -0500


Started GET "/assets/turbolinks.self-c37727e9bd6b2735da5c311aa83fead54ed0be6cc8bd9a65309e9c5abe2cbfff.js?body=1" for ::1 at 2016-02-20 23:14:11 -0500


Started GET "/assets/store_admin.self-e3b0c44298fc1c149afbf4c8996fb92427ae41e4649b934ca495991b7852b855.css?body=1" for ::1 at 2016-02-20 23:14:11 -0500


Started GET "/assets/static.self-877aef30ae1b040ab8a3aba4e3e309a11d7f2612f44dde450b5c157aa5f95c05.js?body=1" for ::1 at 2016-02-20 23:14:11 -0500


Started GET "/assets/application.self-3b8dabdc891efe46b9a144b400ad69e37d7e5876bdc39dee783419a69d7ca819.js?body=1" for ::1 at 2016-02-20 23:14:11 -0500


Started GET "/assets/store_admin.self-877aef30ae1b040ab8a3aba4e3e309a11d7f2612f44dde450b5c157aa5f95c05.js?body=1" for ::1 at 2016-02-20 23:14:11 -0500


Started GET "/assets/jquery_ujs.self-d602bdfe68ffc63b9f9cc512872aa3cfff046228a0a36e90dd476e8ef54c1b09.js?body=1" for ::1 at 2016-02-20 23:14:11 -0500


Started GET "/assets/turbolinks.self-c37727e9bd6b2735da5c311aa83fead54ed0be6cc8bd9a65309e9c5abe2cbfff.js?body=1" for ::1 at 2016-02-20 23:14:11 -0500


Started GET "/assets/static.self-877aef30ae1b040ab8a3aba4e3e309a11d7f2612f44dde450b5c157aa5f95c05.js?body=1" for ::1 at 2016-02-20 23:14:11 -0500


Started GET "/assets/application.self-3b8dabdc891efe46b9a144b400ad69e37d7e5876bdc39dee783419a69d7ca819.js?body=1" for ::1 at 2016-02-20 23:14:11 -0500


Started GET "/products/new" for ::1 at 2016-02-20 23:46:24 -0500
Processing by ProductsController#new as HTML
  Rendered products/new.html.erb within layouts/application (2.9ms)
Completed 500 Internal Server Error in 33ms (ActiveRecord: 1.1ms)

SyntaxError (/Users/scottcreynolds/Dropbox/code/learn/building-apis/return-string-data-lab/app/views/products/new.html.erb:16: syntax error, unexpected keyword_ensure, expecting keyword_end
/Users/scottcreynolds/Dropbox/code/learn/building-apis/return-string-data-lab/app/views/products/new.html.erb:18: syntax error, unexpected end-of-input, expecting keyword_end):
  app/views/products/new.html.erb:16: syntax error, unexpected keyword_ensure, expecting keyword_end
  app/views/products/new.html.erb:18: syntax error, unexpected end-of-input, expecting keyword_end


  Rendered /Users/scottcreynolds/.rvm/gems/ruby-2.1.2/gems/actionpack-4.2.5/lib/action_dispatch/middleware/templates/rescues/_source.erb (6.3ms)
  Rendered /Users/scottcreynolds/.rvm/gems/ruby-2.1.2/gems/actionpack-4.2.5/lib/action_dispatch/middleware/templates/rescues/_trace.html.erb (2.9ms)
  Rendered /Users/scottcreynolds/.rvm/gems/ruby-2.1.2/gems/actionpack-4.2.5/lib/action_dispatch/middleware/templates/rescues/_request_and_response.html.erb (1.6ms)
  Rendered /Users/scottcreynolds/.rvm/gems/ruby-2.1.2/gems/actionpack-4.2.5/lib/action_dispatch/middleware/templates/rescues/diagnostics.html.erb within rescues/layout (26.0ms)
  Rendered /Users/scottcreynolds/.rvm/gems/ruby-2.1.2/gems/web-console-2.2.1/lib/web_console/templates/_markup.html.erb (0.5ms)
  Rendered /Users/scottcreynolds/.rvm/gems/ruby-2.1.2/gems/web-console-2.2.1/lib/web_console/templates/_inner_console_markup.html.erb within layouts/inlined_string (0.6ms)
  Rendered /Users/scottcreynolds/.rvm/gems/ruby-2.1.2/gems/web-console-2.2.1/lib/web_console/templates/_prompt_box_markup.html.erb within layouts/inlined_string (0.4ms)
  Rendered /Users/scottcreynolds/.rvm/gems/ruby-2.1.2/gems/web-console-2.2.1/lib/web_console/templates/style.css.erb within layouts/inlined_string (0.4ms)
  Rendered /Users/scottcreynolds/.rvm/gems/ruby-2.1.2/gems/web-console-2.2.1/lib/web_console/templates/console.js.erb within layouts/javascript (19.6ms)
  Rendered /Users/scottcreynolds/.rvm/gems/ruby-2.1.2/gems/web-console-2.2.1/lib/web_console/templates/main.js.erb within layouts/javascript (0.4ms)
  Rendered /Users/scottcreynolds/.rvm/gems/ruby-2.1.2/gems/web-console-2.2.1/lib/web_console/templates/error_page.js.erb within layouts/javascript (0.6ms)
  Rendered /Users/scottcreynolds/.rvm/gems/ruby-2.1.2/gems/web-console-2.2.1/lib/web_console/templates/index.html.erb (40.8ms)


Started GET "/products/new" for ::1 at 2016-02-20 23:46:57 -0500
Processing by ProductsController#new as HTML
  Rendered products/new.html.erb within layouts/application (551.5ms)
Completed 200 OK in 574ms (Views: 573.3ms | ActiveRecord: 0.0ms)


Started GET "/assets/static.self-e3b0c44298fc1c149afbf4c8996fb92427ae41e4649b934ca495991b7852b855.css?body=1" for ::1 at 2016-02-20 23:46:58 -0500


Started GET "/assets/application.self-e80e8f2318043e8af94dddc2adad5a4f09739a8ebb323b3ab31cd71d45fd9113.css?body=1" for ::1 at 2016-02-20 23:46:58 -0500


Started GET "/assets/jquery.self-c64a74367bda6ef8b860f19e74df08927ca99d2be2ac934e9e92d5fd361e0da4.js?body=1" for ::1 at 2016-02-20 23:46:58 -0500


Started GET "/assets/jquery_ujs.self-d602bdfe68ffc63b9f9cc512872aa3cfff046228a0a36e90dd476e8ef54c1b09.js?body=1" for ::1 at 2016-02-20 23:46:58 -0500


Started GET "/assets/turbolinks.self-c37727e9bd6b2735da5c311aa83fead54ed0be6cc8bd9a65309e9c5abe2cbfff.js?body=1" for ::1 at 2016-02-20 23:46:58 -0500


Started GET "/assets/static.self-877aef30ae1b040ab8a3aba4e3e309a11d7f2612f44dde450b5c157aa5f95c05.js?body=1" for ::1 at 2016-02-20 23:46:58 -0500


Started GET "/assets/store_admin.self-877aef30ae1b040ab8a3aba4e3e309a11d7f2612f44dde450b5c157aa5f95c05.js?body=1" for ::1 at 2016-02-20 23:46:58 -0500


Started GET "/assets/application.self-3b8dabdc891efe46b9a144b400ad69e37d7e5876bdc39dee783419a69d7ca819.js?body=1" for ::1 at 2016-02-20 23:46:58 -0500


Started GET "/assets/store_admin.self-e3b0c44298fc1c149afbf4c8996fb92427ae41e4649b934ca495991b7852b855.css?body=1" for ::1 at 2016-02-20 23:46:58 -0500


Started GET "/products/new" for ::1 at 2016-02-20 23:53:36 -0500
Processing by ProductsController#new as HTML
  Rendered products/new.html.erb within layouts/application (1.7ms)
Completed 200 OK in 23ms (Views: 21.3ms | ActiveRecord: 0.0ms)


Started GET "/assets/static.self-e3b0c44298fc1c149afbf4c8996fb92427ae41e4649b934ca495991b7852b855.css?body=1" for ::1 at 2016-02-20 23:53:36 -0500


Started GET "/assets/store_admin.self-e3b0c44298fc1c149afbf4c8996fb92427ae41e4649b934ca495991b7852b855.css?body=1" for ::1 at 2016-02-20 23:53:36 -0500


Started GET "/assets/static.self-877aef30ae1b040ab8a3aba4e3e309a11d7f2612f44dde450b5c157aa5f95c05.js?body=1" for ::1 at 2016-02-20 23:53:36 -0500


Started GET "/assets/application.self-e80e8f2318043e8af94dddc2adad5a4f09739a8ebb323b3ab31cd71d45fd9113.css?body=1" for ::1 at 2016-02-20 23:53:36 -0500


Started GET "/assets/jquery_ujs.self-d602bdfe68ffc63b9f9cc512872aa3cfff046228a0a36e90dd476e8ef54c1b09.js?body=1" for ::1 at 2016-02-20 23:53:36 -0500


Started GET "/assets/jquery.self-c64a74367bda6ef8b860f19e74df08927ca99d2be2ac934e9e92d5fd361e0da4.js?body=1" for ::1 at 2016-02-20 23:53:36 -0500


Started GET "/assets/turbolinks.self-c37727e9bd6b2735da5c311aa83fead54ed0be6cc8bd9a65309e9c5abe2cbfff.js?body=1" for ::1 at 2016-02-20 23:53:36 -0500


Started GET "/assets/store_admin.self-877aef30ae1b040ab8a3aba4e3e309a11d7f2612f44dde450b5c157aa5f95c05.js?body=1" for ::1 at 2016-02-20 23:53:36 -0500


Started GET "/assets/application.self-3b8dabdc891efe46b9a144b400ad69e37d7e5876bdc39dee783419a69d7ca819.js?body=1" for ::1 at 2016-02-20 23:53:36 -0500


Started POST "/products" for ::1 at 2016-02-20 23:54:02 -0500
Processing by ProductsController#create as HTML
  Parameters: {"utf8"=>"✓", "authenticity_token"=>"GQEmGP652FrPLAPNh5/x56nG/dImZ8du8Snzj+YXCuK2FO9bCTINLCoouWehTEYCKRL/d3AYqs3rJ8Viu8V30g==", "product"=>{"name"=>"My Product", "price"=>"3.00", "description"=>"lorem oh this is cool lorem lorem yadda yadda yadda lorem", "inventory"=>"2"}, "commit"=>"submit"}
  [1m[36m (0.1ms)[0m  [1mbegin transaction[0m
  [1m[35mSQL (0.7ms)[0m  INSERT INTO "products" ("name", "description", "inventory", "price", "created_at", "updated_at") VALUES (?, ?, ?, ?, ?, ?)  [["name", "My Product"], ["description", "lorem oh this is cool lorem lorem yadda yadda yadda lorem"], ["inventory", 2], ["price", 3], ["created_at", "2016-02-21 04:54:02.005980"], ["updated_at", "2016-02-21 04:54:02.005980"]]
  [1m[36m (0.7ms)[0m  [1mcommit transaction[0m
Redirected to http://localhost:3000/products
Completed 302 Found in 25ms (ActiveRecord: 1.5ms)


Started GET "/products" for ::1 at 2016-02-20 23:54:02 -0500
Processing by ProductsController#index as HTML
  [1m[35mProduct Load (0.2ms)[0m  SELECT "products".* FROM "products"
  Rendered products/index.html.erb within layouts/application (1.1ms)
Completed 200 OK in 21ms (Views: 20.3ms | ActiveRecord: 0.2ms)


Started GET "/products/undefined/description" for ::1 at 2016-02-20 23:54:08 -0500
Processing by ProductsController#description as */*
  Parameters: {"id"=>"undefined"}
  [1m[36mProduct Load (0.2ms)[0m  [1mSELECT  "products".* FROM "products" WHERE "products"."id" = ? LIMIT 1[0m  [["id", 0]]
Completed 404 Not Found in 10ms (ActiveRecord: 0.2ms)

ActiveRecord::RecordNotFound (Couldn't find Product with 'id'=undefined):
  app/controllers/products_controller.rb:12:in `description'


  Rendered /Users/scottcreynolds/.rvm/gems/ruby-2.1.2/gems/actionpack-4.2.5/lib/action_dispatch/middleware/templates/rescues/_source.erb (2.3ms)
  Rendered /Users/scottcreynolds/.rvm/gems/ruby-2.1.2/gems/actionpack-4.2.5/lib/action_dispatch/middleware/templates/rescues/_trace.text.erb (0.5ms)
  Rendered /Users/scottcreynolds/.rvm/gems/ruby-2.1.2/gems/actionpack-4.2.5/lib/action_dispatch/middleware/templates/rescues/_request_and_response.text.erb (0.6ms)
  Rendered /Users/scottcreynolds/.rvm/gems/ruby-2.1.2/gems/actionpack-4.2.5/lib/action_dispatch/middleware/templates/rescues/diagnostics.text.erb (14.3ms)
  Rendered /Users/scottcreynolds/.rvm/gems/ruby-2.1.2/gems/web-console-2.2.1/lib/web_console/templates/_markup.html.erb (0.2ms)
  Rendered /Users/scottcreynolds/.rvm/gems/ruby-2.1.2/gems/web-console-2.2.1/lib/web_console/templates/_inner_console_markup.html.erb within layouts/inlined_string (0.3ms)
  Rendered /Users/scottcreynolds/.rvm/gems/ruby-2.1.2/gems/web-console-2.2.1/lib/web_console/templates/_prompt_box_markup.html.erb within layouts/inlined_string (0.2ms)
  Rendered /Users/scottcreynolds/.rvm/gems/ruby-2.1.2/gems/web-console-2.2.1/lib/web_console/templates/style.css.erb within layouts/inlined_string (0.3ms)
  Rendered /Users/scottcreynolds/.rvm/gems/ruby-2.1.2/gems/web-console-2.2.1/lib/web_console/templates/console.js.erb within layouts/javascript (13.3ms)
  Rendered /Users/scottcreynolds/.rvm/gems/ruby-2.1.2/gems/web-console-2.2.1/lib/web_console/templates/main.js.erb within layouts/javascript (0.4ms)
  Rendered /Users/scottcreynolds/.rvm/gems/ruby-2.1.2/gems/web-console-2.2.1/lib/web_console/templates/error_page.js.erb within layouts/javascript (0.4ms)
  Rendered /Users/scottcreynolds/.rvm/gems/ruby-2.1.2/gems/web-console-2.2.1/lib/web_console/templates/index.html.erb (29.9ms)


Started GET "/products/new" for ::1 at 2016-02-20 23:54:26 -0500
Processing by ProductsController#new as HTML
  Rendered products/new.html.erb within layouts/application (1.4ms)
Completed 200 OK in 41ms (Views: 40.4ms | ActiveRecord: 0.0ms)


Started POST "/products" for ::1 at 2016-02-20 23:54:40 -0500
Processing by ProductsController#create as HTML
  Parameters: {"utf8"=>"✓", "authenticity_token"=>"G3W+cdhBWkMFQ9tG3xoAWvl8f36DfOLkzlQ9J1LgDgi0YHcyL8qPNeBHYez5ybe/eah929UDj0fUWgvKDzJzOA==", "product"=>{"name"=>"Another Thing", "price"=>"12", "description"=>"asdfasdf asdf ksdfkksadfk aksdjfaksdjfkasjdf kasdfjaskdjfasdf ", "inventory"=>"0"}, "commit"=>"submit"}
  [1m[35m (0.1ms)[0m  begin transaction
  [1m[36mSQL (0.2ms)[0m  [1mINSERT INTO "products" ("name", "description", "inventory", "price", "created_at", "updated_at") VALUES (?, ?, ?, ?, ?, ?)[0m  [["name", "Another Thing"], ["description", "asdfasdf asdf ksdfkksadfk aksdjfaksdjfkasjdf kasdfjaskdjfasdf "], ["inventory", 0], ["price", 12], ["created_at", "2016-02-21 04:54:40.050875"], ["updated_at", "2016-02-21 04:54:40.050875"]]
  [1m[35m (0.6ms)[0m  commit transaction
Redirected to http://localhost:3000/products
Completed 302 Found in 3ms (ActiveRecord: 0.9ms)


Started GET "/products" for ::1 at 2016-02-20 23:54:40 -0500
Processing by ProductsController#index as HTML
  [1m[36mProduct Load (0.2ms)[0m  [1mSELECT "products".* FROM "products"[0m
  Rendered products/index.html.erb within layouts/application (1.5ms)
Completed 200 OK in 41ms (Views: 39.5ms | ActiveRecord: 0.2ms)


Started GET "/products/undefined/description" for ::1 at 2016-02-20 23:54:41 -0500
Processing by ProductsController#description as */*
  Parameters: {"id"=>"undefined"}
  [1m[35mProduct Load (0.1ms)[0m  SELECT  "products".* FROM "products" WHERE "products"."id" = ? LIMIT 1  [["id", 0]]
Completed 404 Not Found in 2ms (ActiveRecord: 0.1ms)

ActiveRecord::RecordNotFound (Couldn't find Product with 'id'=undefined):
  app/controllers/products_controller.rb:12:in `description'


  Rendered /Users/scottcreynolds/.rvm/gems/ruby-2.1.2/gems/actionpack-4.2.5/lib/action_dispatch/middleware/templates/rescues/_source.erb (3.4ms)
  Rendered /Users/scottcreynolds/.rvm/gems/ruby-2.1.2/gems/actionpack-4.2.5/lib/action_dispatch/middleware/templates/rescues/_trace.text.erb (0.6ms)
  Rendered /Users/scottcreynolds/.rvm/gems/ruby-2.1.2/gems/actionpack-4.2.5/lib/action_dispatch/middleware/templates/rescues/_request_and_response.text.erb (0.6ms)
  Rendered /Users/scottcreynolds/.rvm/gems/ruby-2.1.2/gems/actionpack-4.2.5/lib/action_dispatch/middleware/templates/rescues/diagnostics.text.erb (15.3ms)
  Rendered /Users/scottcreynolds/.rvm/gems/ruby-2.1.2/gems/web-console-2.2.1/lib/web_console/templates/_markup.html.erb (0.3ms)
  Rendered /Users/scottcreynolds/.rvm/gems/ruby-2.1.2/gems/web-console-2.2.1/lib/web_console/templates/_inner_console_markup.html.erb within layouts/inlined_string (0.3ms)
  Rendered /Users/scottcreynolds/.rvm/gems/ruby-2.1.2/gems/web-console-2.2.1/lib/web_console/templates/_prompt_box_markup.html.erb within layouts/inlined_string (0.3ms)
  Rendered /Users/scottcreynolds/.rvm/gems/ruby-2.1.2/gems/web-console-2.2.1/lib/web_console/templates/style.css.erb within layouts/inlined_string (0.3ms)
  Rendered /Users/scottcreynolds/.rvm/gems/ruby-2.1.2/gems/web-console-2.2.1/lib/web_console/templates/console.js.erb within layouts/javascript (13.1ms)
  Rendered /Users/scottcreynolds/.rvm/gems/ruby-2.1.2/gems/web-console-2.2.1/lib/web_console/templates/main.js.erb within layouts/javascript (0.2ms)
  Rendered /Users/scottcreynolds/.rvm/gems/ruby-2.1.2/gems/web-console-2.2.1/lib/web_console/templates/error_page.js.erb within layouts/javascript (0.3ms)
  Rendered /Users/scottcreynolds/.rvm/gems/ruby-2.1.2/gems/web-console-2.2.1/lib/web_console/templates/index.html.erb (27.4ms)


Started GET "/products" for ::1 at 2016-02-20 23:55:30 -0500
Processing by ProductsController#index as HTML
  [1m[36mProduct Load (0.1ms)[0m  [1mSELECT "products".* FROM "products"[0m
  Rendered products/index.html.erb within layouts/application (1.3ms)
Completed 200 OK in 25ms (Views: 24.1ms | ActiveRecord: 0.1ms)


Started GET "/assets/store_admin.self-e3b0c44298fc1c149afbf4c8996fb92427ae41e4649b934ca495991b7852b855.css?body=1" for ::1 at 2016-02-20 23:55:30 -0500


Started GET "/assets/static.self-e3b0c44298fc1c149afbf4c8996fb92427ae41e4649b934ca495991b7852b855.css?body=1" for ::1 at 2016-02-20 23:55:30 -0500


Started GET "/assets/turbolinks.self-c37727e9bd6b2735da5c311aa83fead54ed0be6cc8bd9a65309e9c5abe2cbfff.js?body=1" for ::1 at 2016-02-20 23:55:30 -0500


Started GET "/assets/jquery_ujs.self-d602bdfe68ffc63b9f9cc512872aa3cfff046228a0a36e90dd476e8ef54c1b09.js?body=1" for ::1 at 2016-02-20 23:55:30 -0500


Started GET "/assets/jquery.self-c64a74367bda6ef8b860f19e74df08927ca99d2be2ac934e9e92d5fd361e0da4.js?body=1" for ::1 at 2016-02-20 23:55:30 -0500


Started GET "/assets/application.self-e80e8f2318043e8af94dddc2adad5a4f09739a8ebb323b3ab31cd71d45fd9113.css?body=1" for ::1 at 2016-02-20 23:55:30 -0500


Started GET "/assets/static.self-877aef30ae1b040ab8a3aba4e3e309a11d7f2612f44dde450b5c157aa5f95c05.js?body=1" for ::1 at 2016-02-20 23:55:30 -0500


Started GET "/assets/store_admin.self-877aef30ae1b040ab8a3aba4e3e309a11d7f2612f44dde450b5c157aa5f95c05.js?body=1" for ::1 at 2016-02-20 23:55:30 -0500


Started GET "/assets/application.self-3b8dabdc891efe46b9a144b400ad69e37d7e5876bdc39dee783419a69d7ca819.js?body=1" for ::1 at 2016-02-20 23:55:30 -0500


Started GET "/products/undefined/description" for ::1 at 2016-02-20 23:55:34 -0500
Processing by ProductsController#description as */*
  Parameters: {"id"=>"undefined"}
  [1m[35mProduct Load (0.1ms)[0m  SELECT  "products".* FROM "products" WHERE "products"."id" = ? LIMIT 1  [["id", 0]]
Completed 404 Not Found in 2ms (ActiveRecord: 0.1ms)

ActiveRecord::RecordNotFound (Couldn't find Product with 'id'=undefined):
  app/controllers/products_controller.rb:12:in `description'


  Rendered /Users/scottcreynolds/.rvm/gems/ruby-2.1.2/gems/actionpack-4.2.5/lib/action_dispatch/middleware/templates/rescues/_source.erb (2.2ms)
  Rendered /Users/scottcreynolds/.rvm/gems/ruby-2.1.2/gems/actionpack-4.2.5/lib/action_dispatch/middleware/templates/rescues/_trace.text.erb (8.6ms)
  Rendered /Users/scottcreynolds/.rvm/gems/ruby-2.1.2/gems/actionpack-4.2.5/lib/action_dispatch/middleware/templates/rescues/_request_and_response.text.erb (0.6ms)
  Rendered /Users/scottcreynolds/.rvm/gems/ruby-2.1.2/gems/actionpack-4.2.5/lib/action_dispatch/middleware/templates/rescues/diagnostics.text.erb (21.5ms)
  Rendered /Users/scottcreynolds/.rvm/gems/ruby-2.1.2/gems/web-console-2.2.1/lib/web_console/templates/_markup.html.erb (0.3ms)
  Rendered /Users/scottcreynolds/.rvm/gems/ruby-2.1.2/gems/web-console-2.2.1/lib/web_console/templates/_inner_console_markup.html.erb within layouts/inlined_string (0.3ms)
  Rendered /Users/scottcreynolds/.rvm/gems/ruby-2.1.2/gems/web-console-2.2.1/lib/web_console/templates/_prompt_box_markup.html.erb within layouts/inlined_string (0.2ms)
  Rendered /Users/scottcreynolds/.rvm/gems/ruby-2.1.2/gems/web-console-2.2.1/lib/web_console/templates/style.css.erb within layouts/inlined_string (0.3ms)
  Rendered /Users/scottcreynolds/.rvm/gems/ruby-2.1.2/gems/web-console-2.2.1/lib/web_console/templates/console.js.erb within layouts/javascript (12.9ms)
  Rendered /Users/scottcreynolds/.rvm/gems/ruby-2.1.2/gems/web-console-2.2.1/lib/web_console/templates/main.js.erb within layouts/javascript (0.3ms)
  Rendered /Users/scottcreynolds/.rvm/gems/ruby-2.1.2/gems/web-console-2.2.1/lib/web_console/templates/error_page.js.erb within layouts/javascript (0.3ms)
  Rendered /Users/scottcreynolds/.rvm/gems/ruby-2.1.2/gems/web-console-2.2.1/lib/web_console/templates/index.html.erb (27.3ms)


Started GET "/products" for ::1 at 2016-02-20 23:56:11 -0500
Processing by ProductsController#index as HTML
  [1m[36mProduct Load (0.1ms)[0m  [1mSELECT "products".* FROM "products"[0m
  Rendered products/index.html.erb within layouts/application (1.2ms)
Completed 200 OK in 19ms (Views: 18.5ms | ActiveRecord: 0.1ms)


Started GET "/assets/store_admin.self-e3b0c44298fc1c149afbf4c8996fb92427ae41e4649b934ca495991b7852b855.css?body=1" for ::1 at 2016-02-20 23:56:11 -0500


Started GET "/assets/static.self-e3b0c44298fc1c149afbf4c8996fb92427ae41e4649b934ca495991b7852b855.css?body=1" for ::1 at 2016-02-20 23:56:11 -0500


Started GET "/assets/application.self-e80e8f2318043e8af94dddc2adad5a4f09739a8ebb323b3ab31cd71d45fd9113.css?body=1" for ::1 at 2016-02-20 23:56:11 -0500


Started GET "/assets/jquery_ujs.self-d602bdfe68ffc63b9f9cc512872aa3cfff046228a0a36e90dd476e8ef54c1b09.js?body=1" for ::1 at 2016-02-20 23:56:11 -0500


Started GET "/assets/static.self-877aef30ae1b040ab8a3aba4e3e309a11d7f2612f44dde450b5c157aa5f95c05.js?body=1" for ::1 at 2016-02-20 23:56:11 -0500


Started GET "/assets/turbolinks.self-c37727e9bd6b2735da5c311aa83fead54ed0be6cc8bd9a65309e9c5abe2cbfff.js?body=1" for ::1 at 2016-02-20 23:56:11 -0500


Started GET "/assets/jquery.self-c64a74367bda6ef8b860f19e74df08927ca99d2be2ac934e9e92d5fd361e0da4.js?body=1" for ::1 at 2016-02-20 23:56:11 -0500


Started GET "/assets/application.self-3b8dabdc891efe46b9a144b400ad69e37d7e5876bdc39dee783419a69d7ca819.js?body=1" for ::1 at 2016-02-20 23:56:11 -0500


Started GET "/assets/store_admin.self-877aef30ae1b040ab8a3aba4e3e309a11d7f2612f44dde450b5c157aa5f95c05.js?body=1" for ::1 at 2016-02-20 23:56:11 -0500


Started GET "/products/undefined/description" for ::1 at 2016-02-20 23:56:31 -0500
Processing by ProductsController#description as */*
  Parameters: {"id"=>"undefined"}
  [1m[35mProduct Load (0.1ms)[0m  SELECT  "products".* FROM "products" WHERE "products"."id" = ? LIMIT 1  [["id", 0]]
Completed 404 Not Found in 2ms (ActiveRecord: 0.1ms)

ActiveRecord::RecordNotFound (Couldn't find Product with 'id'=undefined):
  app/controllers/products_controller.rb:12:in `description'


  Rendered /Users/scottcreynolds/.rvm/gems/ruby-2.1.2/gems/actionpack-4.2.5/lib/action_dispatch/middleware/templates/rescues/_source.erb (2.2ms)
  Rendered /Users/scottcreynolds/.rvm/gems/ruby-2.1.2/gems/actionpack-4.2.5/lib/action_dispatch/middleware/templates/rescues/_trace.text.erb (0.4ms)
  Rendered /Users/scottcreynolds/.rvm/gems/ruby-2.1.2/gems/actionpack-4.2.5/lib/action_dispatch/middleware/templates/rescues/_request_and_response.text.erb (0.5ms)
  Rendered /Users/scottcreynolds/.rvm/gems/ruby-2.1.2/gems/actionpack-4.2.5/lib/action_dispatch/middleware/templates/rescues/diagnostics.text.erb (12.5ms)
  Rendered /Users/scottcreynolds/.rvm/gems/ruby-2.1.2/gems/web-console-2.2.1/lib/web_console/templates/_markup.html.erb (0.5ms)
  Rendered /Users/scottcreynolds/.rvm/gems/ruby-2.1.2/gems/web-console-2.2.1/lib/web_console/templates/_inner_console_markup.html.erb within layouts/inlined_string (0.2ms)
  Rendered /Users/scottcreynolds/.rvm/gems/ruby-2.1.2/gems/web-console-2.2.1/lib/web_console/templates/_prompt_box_markup.html.erb within layouts/inlined_string (0.2ms)
  Rendered /Users/scottcreynolds/.rvm/gems/ruby-2.1.2/gems/web-console-2.2.1/lib/web_console/templates/style.css.erb within layouts/inlined_string (0.2ms)
  Rendered /Users/scottcreynolds/.rvm/gems/ruby-2.1.2/gems/web-console-2.2.1/lib/web_console/templates/console.js.erb within layouts/javascript (12.9ms)
  Rendered /Users/scottcreynolds/.rvm/gems/ruby-2.1.2/gems/web-console-2.2.1/lib/web_console/templates/main.js.erb within layouts/javascript (0.4ms)
  Rendered /Users/scottcreynolds/.rvm/gems/ruby-2.1.2/gems/web-console-2.2.1/lib/web_console/templates/error_page.js.erb within layouts/javascript (0.3ms)
  Rendered /Users/scottcreynolds/.rvm/gems/ruby-2.1.2/gems/web-console-2.2.1/lib/web_console/templates/index.html.erb (28.9ms)


Started GET "/products" for ::1 at 2016-02-20 23:57:56 -0500
Processing by ProductsController#index as HTML
  [1m[36mProduct Load (0.1ms)[0m  [1mSELECT "products".* FROM "products"[0m
  Rendered products/index.html.erb within layouts/application (1.1ms)
Completed 200 OK in 13ms (Views: 12.3ms | ActiveRecord: 0.1ms)


Started GET "/assets/static.self-e3b0c44298fc1c149afbf4c8996fb92427ae41e4649b934ca495991b7852b855.css?body=1" for ::1 at 2016-02-20 23:57:56 -0500


Started GET "/assets/application.self-e80e8f2318043e8af94dddc2adad5a4f09739a8ebb323b3ab31cd71d45fd9113.css?body=1" for ::1 at 2016-02-20 23:57:56 -0500


Started GET "/assets/store_admin.self-e3b0c44298fc1c149afbf4c8996fb92427ae41e4649b934ca495991b7852b855.css?body=1" for ::1 at 2016-02-20 23:57:56 -0500


Started GET "/assets/jquery.self-c64a74367bda6ef8b860f19e74df08927ca99d2be2ac934e9e92d5fd361e0da4.js?body=1" for ::1 at 2016-02-20 23:57:56 -0500


Started GET "/assets/store_admin.self-877aef30ae1b040ab8a3aba4e3e309a11d7f2612f44dde450b5c157aa5f95c05.js?body=1" for ::1 at 2016-02-20 23:57:56 -0500


Started GET "/assets/jquery_ujs.self-d602bdfe68ffc63b9f9cc512872aa3cfff046228a0a36e90dd476e8ef54c1b09.js?body=1" for ::1 at 2016-02-20 23:57:56 -0500


Started GET "/assets/turbolinks.self-c37727e9bd6b2735da5c311aa83fead54ed0be6cc8bd9a65309e9c5abe2cbfff.js?body=1" for ::1 at 2016-02-20 23:57:56 -0500


Started GET "/assets/static.self-877aef30ae1b040ab8a3aba4e3e309a11d7f2612f44dde450b5c157aa5f95c05.js?body=1" for ::1 at 2016-02-20 23:57:56 -0500


Started GET "/assets/application.self-3b8dabdc891efe46b9a144b400ad69e37d7e5876bdc39dee783419a69d7ca819.js?body=1" for ::1 at 2016-02-20 23:57:56 -0500


Started GET "/products/1/description" for ::1 at 2016-02-20 23:58:00 -0500
Processing by ProductsController#description as */*
  Parameters: {"id"=>"1"}
  [1m[35mProduct Load (0.1ms)[0m  SELECT  "products".* FROM "products" WHERE "products"."id" = ? LIMIT 1  [["id", 1]]
  Rendered text template (0.0ms)
Completed 200 OK in 4ms (Views: 2.5ms | ActiveRecord: 0.1ms)


Started GET "/products/1/inventory" for ::1 at 2016-02-20 23:58:00 -0500
Processing by ProductsController#inventory as */*
  Parameters: {"id"=>"1"}
  [1m[36mProduct Load (0.1ms)[0m  [1mSELECT  "products".* FROM "products" WHERE "products"."id" = ? LIMIT 1[0m  [["id", 1]]
  Rendered text template (0.0ms)
Completed 200 OK in 1ms (Views: 0.3ms | ActiveRecord: 0.1ms)


Started GET "/products/2/description" for ::1 at 2016-02-20 23:58:05 -0500
Processing by ProductsController#description as */*
  Parameters: {"id"=>"2"}
  [1m[35mProduct Load (0.1ms)[0m  SELECT  "products".* FROM "products" WHERE "products"."id" = ? LIMIT 1  [["id", 2]]
  Rendered text template (0.0ms)
Completed 200 OK in 2ms (Views: 0.4ms | ActiveRecord: 0.1ms)


Started GET "/products/2/inventory" for ::1 at 2016-02-20 23:58:05 -0500
Processing by ProductsController#inventory as */*
  Parameters: {"id"=>"2"}
  [1m[36mProduct Load (0.1ms)[0m  [1mSELECT  "products".* FROM "products" WHERE "products"."id" = ? LIMIT 1[0m  [["id", 2]]
  Rendered text template (0.0ms)
Completed 200 OK in 1ms (Views: 0.2ms | ActiveRecord: 0.1ms)


Started GET "/products" for ::1 at 2016-02-21 00:03:07 -0500
Processing by ProductsController#index as HTML
  [1m[35mProduct Load (0.2ms)[0m  SELECT "products".* FROM "products"
  Rendered products/index.html.erb within layouts/application (1.7ms)
Completed 200 OK in 32ms (Views: 30.7ms | ActiveRecord: 0.2ms)


Started GET "/assets/static.self-e3b0c44298fc1c149afbf4c8996fb92427ae41e4649b934ca495991b7852b855.css?body=1" for ::1 at 2016-02-21 00:03:08 -0500


Started GET "/assets/store_admin.self-e3b0c44298fc1c149afbf4c8996fb92427ae41e4649b934ca495991b7852b855.css?body=1" for ::1 at 2016-02-21 00:03:08 -0500


Started GET "/assets/application.self-e80e8f2318043e8af94dddc2adad5a4f09739a8ebb323b3ab31cd71d45fd9113.css?body=1" for ::1 at 2016-02-21 00:03:08 -0500


Started GET "/assets/turbolinks.self-c37727e9bd6b2735da5c311aa83fead54ed0be6cc8bd9a65309e9c5abe2cbfff.js?body=1" for ::1 at 2016-02-21 00:03:08 -0500


Started GET "/assets/static.self-877aef30ae1b040ab8a3aba4e3e309a11d7f2612f44dde450b5c157aa5f95c05.js?body=1" for ::1 at 2016-02-21 00:03:08 -0500


Started GET "/assets/store_admin.self-877aef30ae1b040ab8a3aba4e3e309a11d7f2612f44dde450b5c157aa5f95c05.js?body=1" for ::1 at 2016-02-21 00:03:08 -0500


Started GET "/assets/application.self-3b8dabdc891efe46b9a144b400ad69e37d7e5876bdc39dee783419a69d7ca819.js?body=1" for ::1 at 2016-02-21 00:03:08 -0500


Started GET "/assets/jquery.self-c64a74367bda6ef8b860f19e74df08927ca99d2be2ac934e9e92d5fd361e0da4.js?body=1" for ::1 at 2016-02-21 00:03:08 -0500


Started GET "/assets/jquery_ujs.self-d602bdfe68ffc63b9f9cc512872aa3cfff046228a0a36e90dd476e8ef54c1b09.js?body=1" for ::1 at 2016-02-21 00:03:08 -0500


Started GET "/products/1/description" for ::1 at 2016-02-21 00:03:09 -0500
Processing by ProductsController#description as */*
  Parameters: {"id"=>"1"}
  [1m[36mProduct Load (0.1ms)[0m  [1mSELECT  "products".* FROM "products" WHERE "products"."id" = ? LIMIT 1[0m  [["id", 1]]
  Rendered text template (0.0ms)
Completed 200 OK in 2ms (Views: 0.4ms | ActiveRecord: 0.1ms)


Started GET "/products/1/inventory" for ::1 at 2016-02-21 00:03:09 -0500
Processing by ProductsController#inventory as */*
  Parameters: {"id"=>"1"}
  [1m[35mProduct Load (0.1ms)[0m  SELECT  "products".* FROM "products" WHERE "products"."id" = ? LIMIT 1  [["id", 1]]
  Rendered text template (0.0ms)
Completed 200 OK in 1ms (Views: 0.4ms | ActiveRecord: 0.1ms)


Started GET "/products/2/description" for ::1 at 2016-02-21 00:03:11 -0500
Processing by ProductsController#description as */*
  Parameters: {"id"=>"2"}
  [1m[36mProduct Load (0.1ms)[0m  [1mSELECT  "products".* FROM "products" WHERE "products"."id" = ? LIMIT 1[0m  [["id", 2]]
  Rendered text template (0.0ms)
Completed 200 OK in 1ms (Views: 0.2ms | ActiveRecord: 0.1ms)


Started GET "/products/2/inventory" for ::1 at 2016-02-21 00:03:11 -0500
Processing by ProductsController#inventory as */*
  Parameters: {"id"=>"2"}
  [1m[35mProduct Load (0.2ms)[0m  SELECT  "products".* FROM "products" WHERE "products"."id" = ? LIMIT 1  [["id", 2]]
  Rendered text template (0.0ms)
Completed 200 OK in 1ms (Views: 0.3ms | ActiveRecord: 0.2ms)


Started GET "/" for ::1 at 2016-09-15 16:45:00 -0400
  [1m[36mActiveRecord::SchemaMigration Load (2.2ms)[0m  [1mSELECT "schema_migrations".* FROM "schema_migrations"[0m
Processing by Rails::WelcomeController#index as HTML
  Rendered /Users/tony/.rvm/gems/ruby-2.3.0/gems/railties-4.2.5/lib/rails/templates/rails/welcome/index.html.erb (4.2ms)
Completed 200 OK in 40ms (Views: 25.9ms | ActiveRecord: 0.0ms)


Started GET "/products" for ::1 at 2016-09-15 16:45:04 -0400
Processing by ProductsController#index as HTML
  [1m[35mProduct Load (2.8ms)[0m  SELECT "products".* FROM "products"
  Rendered products/index.html.erb within layouts/application (10.0ms)
Completed 200 OK in 443ms (Views: 425.7ms | ActiveRecord: 3.3ms)


Started GET "/assets/static.self-e3b0c44298fc1c149afbf4c8996fb92427ae41e4649b934ca495991b7852b855.css?body=1" for ::1 at 2016-09-15 16:45:05 -0400


Started GET "/assets/static.self-877aef30ae1b040ab8a3aba4e3e309a11d7f2612f44dde450b5c157aa5f95c05.js?body=1" for ::1 at 2016-09-15 16:45:05 -0400


Started GET "/assets/store_admin.self-e3b0c44298fc1c149afbf4c8996fb92427ae41e4649b934ca495991b7852b855.css?body=1" for ::1 at 2016-09-15 16:45:05 -0400


Started GET "/assets/store_admin.self-877aef30ae1b040ab8a3aba4e3e309a11d7f2612f44dde450b5c157aa5f95c05.js?body=1" for ::1 at 2016-09-15 16:45:05 -0400


Started GET "/products/1/description" for ::1 at 2016-09-15 16:45:06 -0400
Processing by ProductsController#description as */*
  Parameters: {"id"=>"1"}
  [1m[36mProduct Load (0.2ms)[0m  [1mSELECT  "products".* FROM "products" WHERE "products"."id" = ? LIMIT 1[0m  [["id", 1]]
  Rendered text template (0.0ms)
Completed 200 OK in 32ms (Views: 5.9ms | ActiveRecord: 0.2ms)


Started GET "/products/1/inventory" for ::1 at 2016-09-15 16:45:06 -0400
Processing by ProductsController#inventory as */*
  Parameters: {"id"=>"1"}
  [1m[35mProduct Load (0.1ms)[0m  SELECT  "products".* FROM "products" WHERE "products"."id" = ? LIMIT 1  [["id", 1]]
  Rendered text template (0.0ms)
Completed 200 OK in 2ms (Views: 0.3ms | ActiveRecord: 0.1ms)


Started GET "/products/1/description" for ::1 at 2016-09-15 16:45:08 -0400
Processing by ProductsController#description as */*
  Parameters: {"id"=>"1"}
  [1m[36mProduct Load (0.1ms)[0m  [1mSELECT  "products".* FROM "products" WHERE "products"."id" = ? LIMIT 1[0m  [["id", 1]]
  Rendered text template (0.0ms)
Completed 200 OK in 2ms (Views: 0.3ms | ActiveRecord: 0.1ms)


Started GET "/products/1/inventory" for ::1 at 2016-09-15 16:45:08 -0400
Processing by ProductsController#inventory as */*
  Parameters: {"id"=>"1"}
  [1m[35mProduct Load (0.1ms)[0m  SELECT  "products".* FROM "products" WHERE "products"."id" = ? LIMIT 1  [["id", 1]]
  Rendered text template (0.1ms)
Completed 200 OK in 2ms (Views: 0.9ms | ActiveRecord: 0.1ms)


Started GET "/products/2/description" for ::1 at 2016-09-15 16:45:09 -0400
Processing by ProductsController#description as */*
  Parameters: {"id"=>"2"}
  [1m[36mProduct Load (0.1ms)[0m  [1mSELECT  "products".* FROM "products" WHERE "products"."id" = ? LIMIT 1[0m  [["id", 2]]
  Rendered text template (0.0ms)
Completed 200 OK in 1ms (Views: 0.5ms | ActiveRecord: 0.1ms)


Started GET "/products/2/inventory" for ::1 at 2016-09-15 16:45:09 -0400
Processing by ProductsController#inventory as */*
  Parameters: {"id"=>"2"}
  [1m[35mProduct Load (0.1ms)[0m  SELECT  "products".* FROM "products" WHERE "products"."id" = ? LIMIT 1  [["id", 2]]
  Rendered text template (0.0ms)
Completed 200 OK in 1ms (Views: 0.3ms | ActiveRecord: 0.1ms)
  [1m[36m (3.2ms)[0m  [1mCREATE TABLE "customers" ("id" INTEGER PRIMARY KEY AUTOINCREMENT NOT NULL, "name" varchar, "created_at" datetime NOT NULL, "updated_at" datetime NOT NULL) [0m
  [1m[35m (3.5ms)[0m  CREATE TABLE "invoices" ("id" INTEGER PRIMARY KEY AUTOINCREMENT NOT NULL, "created_at" datetime NOT NULL, "updated_at" datetime NOT NULL) 
  [1m[36m (2.9ms)[0m  [1mCREATE TABLE "ordered_products" ("id" INTEGER PRIMARY KEY AUTOINCREMENT NOT NULL, "product_id" integer, "order_id" integer, "created_at" datetime NOT NULL, "updated_at" datetime NOT NULL) [0m
  [1m[35m (3.3ms)[0m  CREATE TABLE "orders" ("id" INTEGER PRIMARY KEY AUTOINCREMENT NOT NULL, "customer_id" integer, "invoice_id" integer, "created_at" datetime NOT NULL, "updated_at" datetime NOT NULL) 
  [1m[36m (3.4ms)[0m  [1mCREATE TABLE "products" ("id" INTEGER PRIMARY KEY AUTOINCREMENT NOT NULL, "name" varchar, "price" integer, "created_at" datetime NOT NULL, "updated_at" datetime NOT NULL, "inventory" integer, "description" varchar) [0m
  [1m[35m (3.5ms)[0m  CREATE TABLE "schema_migrations" ("version" varchar NOT NULL) 
  [1m[36m (3.4ms)[0m  [1mselect sqlite_version(*)[0m
  [1m[35m (3.3ms)[0m  CREATE UNIQUE INDEX "unique_schema_migrations" ON "schema_migrations" ("version")
  [1m[36m (0.3ms)[0m  [1mSELECT version FROM "schema_migrations"[0m
  [1m[35m (2.9ms)[0m  INSERT INTO "schema_migrations" (version) VALUES ('20160221021155')
  [1m[36m (3.9ms)[0m  [1mINSERT INTO "schema_migrations" (version) VALUES ('20160125165439')[0m
  [1m[35m (3.9ms)[0m  INSERT INTO "schema_migrations" (version) VALUES ('20160125170351')
  [1m[36m (3.7ms)[0m  [1mINSERT INTO "schema_migrations" (version) VALUES ('20160125172252')[0m
  [1m[35m (3.8ms)[0m  INSERT INTO "schema_migrations" (version) VALUES ('20160125172335')
  [1m[36m (4.0ms)[0m  [1mINSERT INTO "schema_migrations" (version) VALUES ('20160125172450')[0m
  [1m[35m (2.9ms)[0m  CREATE TABLE "customers" ("id" INTEGER PRIMARY KEY AUTOINCREMENT NOT NULL, "name" varchar, "created_at" datetime NOT NULL, "updated_at" datetime NOT NULL) 
  [1m[36m (4.3ms)[0m  [1mCREATE TABLE "invoices" ("id" INTEGER PRIMARY KEY AUTOINCREMENT NOT NULL, "created_at" datetime NOT NULL, "updated_at" datetime NOT NULL) [0m
  [1m[35m (2.8ms)[0m  CREATE TABLE "ordered_products" ("id" INTEGER PRIMARY KEY AUTOINCREMENT NOT NULL, "product_id" integer, "order_id" integer, "created_at" datetime NOT NULL, "updated_at" datetime NOT NULL) 
  [1m[36m (3.1ms)[0m  [1mCREATE TABLE "orders" ("id" INTEGER PRIMARY KEY AUTOINCREMENT NOT NULL, "customer_id" integer, "invoice_id" integer, "created_at" datetime NOT NULL, "updated_at" datetime NOT NULL) [0m
  [1m[35m (3.2ms)[0m  CREATE TABLE "products" ("id" INTEGER PRIMARY KEY AUTOINCREMENT NOT NULL, "name" varchar, "price" integer, "created_at" datetime NOT NULL, "updated_at" datetime NOT NULL, "inventory" integer, "description" varchar) 
  [1m[36m (3.8ms)[0m  [1mCREATE TABLE "schema_migrations" ("version" varchar NOT NULL) [0m
  [1m[35m (0.1ms)[0m  select sqlite_version(*)
  [1m[36m (4.0ms)[0m  [1mCREATE UNIQUE INDEX "unique_schema_migrations" ON "schema_migrations" ("version")[0m
  [1m[35m (0.2ms)[0m  SELECT version FROM "schema_migrations"
  [1m[36m (3.5ms)[0m  [1mINSERT INTO "schema_migrations" (version) VALUES ('20160221021155')[0m
  [1m[35m (4.3ms)[0m  INSERT INTO "schema_migrations" (version) VALUES ('20160125165439')
  [1m[36m (3.5ms)[0m  [1mINSERT INTO "schema_migrations" (version) VALUES ('20160125170351')[0m
  [1m[35m (3.7ms)[0m  INSERT INTO "schema_migrations" (version) VALUES ('20160125172252')
  [1m[36m (3.9ms)[0m  [1mINSERT INTO "schema_migrations" (version) VALUES ('20160125172335')[0m
  [1m[35m (4.0ms)[0m  INSERT INTO "schema_migrations" (version) VALUES ('20160125172450')
  [1m[36mActiveRecord::SchemaMigration Load (0.1ms)[0m  [1mSELECT "schema_migrations".* FROM "schema_migrations"[0m
  [1m[35m (0.1ms)[0m  begin transaction
  [1m[36mSQL (0.4ms)[0m  [1mINSERT INTO "products" ("name", "price", "created_at", "updated_at") VALUES (?, ?, ?, ?)[0m  [["name", "chair"], ["price", 1057], ["created_at", "2016-09-15 21:17:18.858616"], ["updated_at", "2016-09-15 21:17:18.858616"]]
  [1m[35m (5.2ms)[0m  commit transaction
  [1m[36m (0.1ms)[0m  [1mbegin transaction[0m
  [1m[35mSQL (0.4ms)[0m  INSERT INTO "products" ("name", "price", "created_at", "updated_at") VALUES (?, ?, ?, ?)  [["name", "chair"], ["price", 1015], ["created_at", "2016-09-15 21:17:18.871019"], ["updated_at", "2016-09-15 21:17:18.871019"]]
  [1m[36m (2.8ms)[0m  [1mcommit transaction[0m
  [1m[35m (0.1ms)[0m  begin transaction
  [1m[36mSQL (0.3ms)[0m  [1mINSERT INTO "products" ("name", "price", "created_at", "updated_at") VALUES (?, ?, ?, ?)[0m  [["name", "tv"], ["price", 728], ["created_at", "2016-09-15 21:17:18.876988"], ["updated_at", "2016-09-15 21:17:18.876988"]]
  [1m[35m (2.6ms)[0m  commit transaction
  [1m[36m (0.1ms)[0m  [1mbegin transaction[0m
  [1m[35mSQL (0.3ms)[0m  INSERT INTO "products" ("name", "price", "created_at", "updated_at") VALUES (?, ?, ?, ?)  [["name", "chair"], ["price", 811], ["created_at", "2016-09-15 21:17:18.882076"], ["updated_at", "2016-09-15 21:17:18.882076"]]
  [1m[36m (2.4ms)[0m  [1mcommit transaction[0m
  [1m[35m (0.1ms)[0m  begin transaction
  [1m[36mSQL (0.2ms)[0m  [1mINSERT INTO "products" ("name", "price", "created_at", "updated_at") VALUES (?, ?, ?, ?)[0m  [["name", "mouse"], ["price", 464], ["created_at", "2016-09-15 21:17:18.886649"], ["updated_at", "2016-09-15 21:17:18.886649"]]
  [1m[35m (2.3ms)[0m  commit transaction
  [1m[36m (0.1ms)[0m  [1mbegin transaction[0m
  [1m[35mSQL (0.2ms)[0m  INSERT INTO "products" ("name", "price", "created_at", "updated_at") VALUES (?, ?, ?, ?)  [["name", "lamp"], ["price", 372], ["created_at", "2016-09-15 21:17:18.890997"], ["updated_at", "2016-09-15 21:17:18.890997"]]
  [1m[36m (5.2ms)[0m  [1mcommit transaction[0m
  [1m[35m (0.1ms)[0m  begin transaction
  [1m[36mSQL (0.4ms)[0m  [1mINSERT INTO "products" ("name", "price", "created_at", "updated_at") VALUES (?, ?, ?, ?)[0m  [["name", "water bottle"], ["price", 231], ["created_at", "2016-09-15 21:17:18.898052"], ["updated_at", "2016-09-15 21:17:18.898052"]]
  [1m[35m (2.3ms)[0m  commit transaction
  [1m[36m (0.1ms)[0m  [1mbegin transaction[0m
  [1m[35mSQL (0.2ms)[0m  INSERT INTO "products" ("name", "price", "created_at", "updated_at") VALUES (?, ?, ?, ?)  [["name", "desk"], ["price", 132], ["created_at", "2016-09-15 21:17:18.902942"], ["updated_at", "2016-09-15 21:17:18.902942"]]
  [1m[36m (2.6ms)[0m  [1mcommit transaction[0m
  [1m[35m (0.1ms)[0m  begin transaction
  [1m[36mSQL (0.2ms)[0m  [1mINSERT INTO "products" ("name", "price", "created_at", "updated_at") VALUES (?, ?, ?, ?)[0m  [["name", "chair"], ["price", 1457], ["created_at", "2016-09-15 21:17:18.907261"], ["updated_at", "2016-09-15 21:17:18.907261"]]
  [1m[35m (2.5ms)[0m  commit transaction
  [1m[36m (0.1ms)[0m  [1mbegin transaction[0m
  [1m[35mSQL (0.2ms)[0m  INSERT INTO "products" ("name", "price", "created_at", "updated_at") VALUES (?, ?, ?, ?)  [["name", "macbook air"], ["price", 1202], ["created_at", "2016-09-15 21:17:18.911827"], ["updated_at", "2016-09-15 21:17:18.911827"]]
  [1m[36m (2.6ms)[0m  [1mcommit transaction[0m
  [1m[35m (0.1ms)[0m  begin transaction
  [1m[36mSQL (0.4ms)[0m  [1mINSERT INTO "customers" ("name", "created_at", "updated_at") VALUES (?, ?, ?)[0m  [["name", "Sidney Gottlieb"], ["created_at", "2016-09-15 21:17:19.351101"], ["updated_at", "2016-09-15 21:17:19.351101"]]
  [1m[35m (2.5ms)[0m  commit transaction
  [1m[36m (0.1ms)[0m  [1mbegin transaction[0m
  [1m[35mSQL (0.2ms)[0m  INSERT INTO "customers" ("name", "created_at", "updated_at") VALUES (?, ?, ?)  [["name", "Dr. King Rodriguez"], ["created_at", "2016-09-15 21:17:19.356228"], ["updated_at", "2016-09-15 21:17:19.356228"]]
  [1m[36m (2.4ms)[0m  [1mcommit transaction[0m
  [1m[35m (0.1ms)[0m  begin transaction
  [1m[36mSQL (0.3ms)[0m  [1mINSERT INTO "customers" ("name", "created_at", "updated_at") VALUES (?, ?, ?)[0m  [["name", "Glenda Schroeder"], ["created_at", "2016-09-15 21:17:19.360528"], ["updated_at", "2016-09-15 21:17:19.360528"]]
  [1m[35m (2.7ms)[0m  commit transaction
  [1m[36m (0.1ms)[0m  [1mbegin transaction[0m
  [1m[35mSQL (0.2ms)[0m  INSERT INTO "customers" ("name", "created_at", "updated_at") VALUES (?, ?, ?)  [["name", "Lizeth Cole DDS"], ["created_at", "2016-09-15 21:17:19.365448"], ["updated_at", "2016-09-15 21:17:19.365448"]]
  [1m[36m (2.4ms)[0m  [1mcommit transaction[0m
  [1m[35m (0.1ms)[0m  begin transaction
  [1m[36mSQL (0.2ms)[0m  [1mINSERT INTO "customers" ("name", "created_at", "updated_at") VALUES (?, ?, ?)[0m  [["name", "Dorcas Kirlin"], ["created_at", "2016-09-15 21:17:19.369553"], ["updated_at", "2016-09-15 21:17:19.369553"]]
  [1m[35m (2.8ms)[0m  commit transaction
  [1m[36m (0.1ms)[0m  [1mbegin transaction[0m
  [1m[35mSQL (0.5ms)[0m  INSERT INTO "invoices" ("created_at", "updated_at") VALUES (?, ?)  [["created_at", "2016-09-15 21:17:19.382233"], ["updated_at", "2016-09-15 21:17:19.382233"]]
  [1m[36m (2.6ms)[0m  [1mcommit transaction[0m
  [1m[35m (0.1ms)[0m  begin transaction
  [1m[36mSQL (0.2ms)[0m  [1mINSERT INTO "invoices" ("created_at", "updated_at") VALUES (?, ?)[0m  [["created_at", "2016-09-15 21:17:19.386896"], ["updated_at", "2016-09-15 21:17:19.386896"]]
  [1m[35m (2.4ms)[0m  commit transaction
  [1m[36m (0.1ms)[0m  [1mbegin transaction[0m
  [1m[35mSQL (0.3ms)[0m  INSERT INTO "invoices" ("created_at", "updated_at") VALUES (?, ?)  [["created_at", "2016-09-15 21:17:19.390958"], ["updated_at", "2016-09-15 21:17:19.390958"]]
  [1m[36m (2.6ms)[0m  [1mcommit transaction[0m
  [1m[35m (0.1ms)[0m  begin transaction
  [1m[36mSQL (0.7ms)[0m  [1mINSERT INTO "invoices" ("created_at", "updated_at") VALUES (?, ?)[0m  [["created_at", "2016-09-15 21:17:19.395372"], ["updated_at", "2016-09-15 21:17:19.395372"]]
  [1m[35m (2.4ms)[0m  commit transaction
  [1m[36m (0.1ms)[0m  [1mbegin transaction[0m
  [1m[35mSQL (0.7ms)[0m  INSERT INTO "invoices" ("created_at", "updated_at") VALUES (?, ?)  [["created_at", "2016-09-15 21:17:19.400367"], ["updated_at", "2016-09-15 21:17:19.400367"]]
  [1m[36m (2.6ms)[0m  [1mcommit transaction[0m
  [1m[35mCustomer Load (0.2ms)[0m  SELECT "customers".* FROM "customers"
  [1m[36mInvoice Load (0.1ms)[0m  [1mSELECT "invoices".* FROM "invoices"[0m
  [1m[35m (0.1ms)[0m  begin transaction
  [1m[36mSQL (0.3ms)[0m  [1mINSERT INTO "orders" ("customer_id", "invoice_id", "created_at", "updated_at") VALUES (?, ?, ?, ?)[0m  [["customer_id", 2], ["invoice_id", 1], ["created_at", "2016-09-15 21:17:19.425800"], ["updated_at", "2016-09-15 21:17:19.425800"]]
  [1m[35m (2.8ms)[0m  commit transaction
  [1m[36mProduct Load (0.1ms)[0m  [1mSELECT "products".* FROM "products"[0m
  [1m[35mProduct Load (0.2ms)[0m  SELECT  "products".* FROM "products" WHERE "products"."id" = ? LIMIT 1  [["id", 3]]
  [1m[36m (0.0ms)[0m  [1mbegin transaction[0m
  [1m[35mSQL (0.3ms)[0m  INSERT INTO "ordered_products" ("order_id", "product_id", "created_at", "updated_at") VALUES (?, ?, ?, ?)  [["order_id", 1], ["product_id", 3], ["created_at", "2016-09-15 21:17:19.513486"], ["updated_at", "2016-09-15 21:17:19.513486"]]
  [1m[36m (2.5ms)[0m  [1mcommit transaction[0m
  [1m[35mCustomer Load (0.2ms)[0m  SELECT "customers".* FROM "customers"
  [1m[36mInvoice Load (0.2ms)[0m  [1mSELECT "invoices".* FROM "invoices"[0m
  [1m[35m (0.1ms)[0m  begin transaction
  [1m[36mSQL (0.3ms)[0m  [1mINSERT INTO "orders" ("customer_id", "invoice_id", "created_at", "updated_at") VALUES (?, ?, ?, ?)[0m  [["customer_id", 2], ["invoice_id", 4], ["created_at", "2016-09-15 21:17:19.520600"], ["updated_at", "2016-09-15 21:17:19.520600"]]
  [1m[35m (2.4ms)[0m  commit transaction
  [1m[36mProduct Load (0.2ms)[0m  [1mSELECT "products".* FROM "products"[0m
  [1m[35mProduct Load (0.2ms)[0m  SELECT  "products".* FROM "products" WHERE "products"."id" = ? LIMIT 1  [["id", 6]]
  [1m[36m (0.0ms)[0m  [1mbegin transaction[0m
  [1m[35mSQL (0.2ms)[0m  INSERT INTO "ordered_products" ("order_id", "product_id", "created_at", "updated_at") VALUES (?, ?, ?, ?)  [["order_id", 2], ["product_id", 6], ["created_at", "2016-09-15 21:17:19.527998"], ["updated_at", "2016-09-15 21:17:19.527998"]]
  [1m[36m (2.7ms)[0m  [1mcommit transaction[0m
  [1m[35mCustomer Load (0.2ms)[0m  SELECT "customers".* FROM "customers"
  [1m[36mInvoice Load (0.1ms)[0m  [1mSELECT "invoices".* FROM "invoices"[0m
  [1m[35m (0.1ms)[0m  begin transaction
  [1m[36mSQL (0.2ms)[0m  [1mINSERT INTO "orders" ("customer_id", "invoice_id", "created_at", "updated_at") VALUES (?, ?, ?, ?)[0m  [["customer_id", 2], ["invoice_id", 5], ["created_at", "2016-09-15 21:17:19.533948"], ["updated_at", "2016-09-15 21:17:19.533948"]]
  [1m[35m (2.4ms)[0m  commit transaction
  [1m[36mProduct Load (0.2ms)[0m  [1mSELECT "products".* FROM "products"[0m
  [1m[35mProduct Load (0.1ms)[0m  SELECT  "products".* FROM "products" WHERE "products"."id" = ? LIMIT 1  [["id", 7]]
  [1m[36m (0.1ms)[0m  [1mbegin transaction[0m
  [1m[35mSQL (0.3ms)[0m  INSERT INTO "ordered_products" ("order_id", "product_id", "created_at", "updated_at") VALUES (?, ?, ?, ?)  [["order_id", 3], ["product_id", 7], ["created_at", "2016-09-15 21:17:19.541081"], ["updated_at", "2016-09-15 21:17:19.541081"]]
  [1m[36m (2.4ms)[0m  [1mcommit transaction[0m
  [1m[35mCustomer Load (0.2ms)[0m  SELECT "customers".* FROM "customers"
  [1m[36mInvoice Load (0.2ms)[0m  [1mSELECT "invoices".* FROM "invoices"[0m
  [1m[35m (0.1ms)[0m  begin transaction
  [1m[36mSQL (0.3ms)[0m  [1mINSERT INTO "orders" ("customer_id", "invoice_id", "created_at", "updated_at") VALUES (?, ?, ?, ?)[0m  [["customer_id", 4], ["invoice_id", 2], ["created_at", "2016-09-15 21:17:19.547205"], ["updated_at", "2016-09-15 21:17:19.547205"]]
  [1m[35m (2.8ms)[0m  commit transaction
  [1m[36mProduct Load (0.2ms)[0m  [1mSELECT "products".* FROM "products"[0m
  [1m[35mProduct Load (0.1ms)[0m  SELECT  "products".* FROM "products" WHERE "products"."id" = ? LIMIT 1  [["id", 10]]
  [1m[36m (0.0ms)[0m  [1mbegin transaction[0m
  [1m[35mSQL (0.2ms)[0m  INSERT INTO "ordered_products" ("order_id", "product_id", "created_at", "updated_at") VALUES (?, ?, ?, ?)  [["order_id", 4], ["product_id", 10], ["created_at", "2016-09-15 21:17:19.554896"], ["updated_at", "2016-09-15 21:17:19.554896"]]
  [1m[36m (2.5ms)[0m  [1mcommit transaction[0m
  [1m[35mCustomer Load (0.2ms)[0m  SELECT "customers".* FROM "customers"
  [1m[36mInvoice Load (0.2ms)[0m  [1mSELECT "invoices".* FROM "invoices"[0m
  [1m[35m (0.1ms)[0m  begin transaction
  [1m[36mSQL (0.3ms)[0m  [1mINSERT INTO "orders" ("customer_id", "invoice_id", "created_at", "updated_at") VALUES (?, ?, ?, ?)[0m  [["customer_id", 4], ["invoice_id", 2], ["created_at", "2016-09-15 21:17:19.560733"], ["updated_at", "2016-09-15 21:17:19.560733"]]
  [1m[35m (2.6ms)[0m  commit transaction
  [1m[36mProduct Load (0.2ms)[0m  [1mSELECT "products".* FROM "products"[0m
  [1m[35mProduct Load (0.2ms)[0m  SELECT  "products".* FROM "products" WHERE "products"."id" = ? LIMIT 1  [["id", 2]]
  [1m[36m (0.0ms)[0m  [1mbegin transaction[0m
  [1m[35mSQL (0.2ms)[0m  INSERT INTO "ordered_products" ("order_id", "product_id", "created_at", "updated_at") VALUES (?, ?, ?, ?)  [["order_id", 5], ["product_id", 2], ["created_at", "2016-09-15 21:17:19.568435"], ["updated_at", "2016-09-15 21:17:19.568435"]]
  [1m[36m (2.4ms)[0m  [1mcommit transaction[0m
  [1m[35mCustomer Load (0.2ms)[0m  SELECT "customers".* FROM "customers"
  [1m[36mInvoice Load (0.1ms)[0m  [1mSELECT "invoices".* FROM "invoices"[0m
  [1m[35m (0.0ms)[0m  begin transaction
  [1m[36mSQL (0.2ms)[0m  [1mINSERT INTO "orders" ("customer_id", "invoice_id", "created_at", "updated_at") VALUES (?, ?, ?, ?)[0m  [["customer_id", 3], ["invoice_id", 1], ["created_at", "2016-09-15 21:17:19.573488"], ["updated_at", "2016-09-15 21:17:19.573488"]]
  [1m[35m (2.6ms)[0m  commit transaction
  [1m[36mProduct Load (0.2ms)[0m  [1mSELECT "products".* FROM "products"[0m
  [1m[35mProduct Load (0.1ms)[0m  SELECT  "products".* FROM "products" WHERE "products"."id" = ? LIMIT 1  [["id", 1]]
  [1m[36m (0.1ms)[0m  [1mbegin transaction[0m
  [1m[35mSQL (0.2ms)[0m  INSERT INTO "ordered_products" ("order_id", "product_id", "created_at", "updated_at") VALUES (?, ?, ?, ?)  [["order_id", 6], ["product_id", 1], ["created_at", "2016-09-15 21:17:19.581550"], ["updated_at", "2016-09-15 21:17:19.581550"]]
  [1m[36m (2.6ms)[0m  [1mcommit transaction[0m
  [1m[35mCustomer Load (0.1ms)[0m  SELECT "customers".* FROM "customers"
  [1m[36mInvoice Load (0.1ms)[0m  [1mSELECT "invoices".* FROM "invoices"[0m
  [1m[35m (0.2ms)[0m  begin transaction
  [1m[36mSQL (0.2ms)[0m  [1mINSERT INTO "orders" ("customer_id", "invoice_id", "created_at", "updated_at") VALUES (?, ?, ?, ?)[0m  [["customer_id", 2], ["invoice_id", 1], ["created_at", "2016-09-15 21:17:19.588360"], ["updated_at", "2016-09-15 21:17:19.588360"]]
  [1m[35m (2.6ms)[0m  commit transaction
  [1m[36mProduct Load (0.2ms)[0m  [1mSELECT "products".* FROM "products"[0m
  [1m[35mProduct Load (0.2ms)[0m  SELECT  "products".* FROM "products" WHERE "products"."id" = ? LIMIT 1  [["id", 3]]
  [1m[36m (0.1ms)[0m  [1mbegin transaction[0m
  [1m[35mSQL (0.2ms)[0m  INSERT INTO "ordered_products" ("order_id", "product_id", "created_at", "updated_at") VALUES (?, ?, ?, ?)  [["order_id", 7], ["product_id", 3], ["created_at", "2016-09-15 21:17:19.594942"], ["updated_at", "2016-09-15 21:17:19.594942"]]
  [1m[36m (2.5ms)[0m  [1mcommit transaction[0m
  [1m[35mCustomer Load (0.1ms)[0m  SELECT "customers".* FROM "customers"
  [1m[36mInvoice Load (0.1ms)[0m  [1mSELECT "invoices".* FROM "invoices"[0m
  [1m[35m (0.1ms)[0m  begin transaction
  [1m[36mSQL (0.2ms)[0m  [1mINSERT INTO "orders" ("customer_id", "invoice_id", "created_at", "updated_at") VALUES (?, ?, ?, ?)[0m  [["customer_id", 2], ["invoice_id", 5], ["created_at", "2016-09-15 21:17:19.600269"], ["updated_at", "2016-09-15 21:17:19.600269"]]
  [1m[35m (2.4ms)[0m  commit transaction
  [1m[36mProduct Load (0.2ms)[0m  [1mSELECT "products".* FROM "products"[0m
  [1m[35mProduct Load (0.1ms)[0m  SELECT  "products".* FROM "products" WHERE "products"."id" = ? LIMIT 1  [["id", 6]]
  [1m[36m (0.0ms)[0m  [1mbegin transaction[0m
  [1m[35mSQL (0.2ms)[0m  INSERT INTO "ordered_products" ("order_id", "product_id", "created_at", "updated_at") VALUES (?, ?, ?, ?)  [["order_id", 8], ["product_id", 6], ["created_at", "2016-09-15 21:17:19.606901"], ["updated_at", "2016-09-15 21:17:19.606901"]]
  [1m[36m (2.4ms)[0m  [1mcommit transaction[0m
  [1m[35mCustomer Load (0.2ms)[0m  SELECT "customers".* FROM "customers"
  [1m[36mInvoice Load (0.1ms)[0m  [1mSELECT "invoices".* FROM "invoices"[0m
  [1m[35m (0.1ms)[0m  begin transaction
  [1m[36mSQL (0.4ms)[0m  [1mINSERT INTO "orders" ("customer_id", "invoice_id", "created_at", "updated_at") VALUES (?, ?, ?, ?)[0m  [["customer_id", 5], ["invoice_id", 2], ["created_at", "2016-09-15 21:17:19.612285"], ["updated_at", "2016-09-15 21:17:19.612285"]]
  [1m[35m (2.4ms)[0m  commit transaction
  [1m[36mProduct Load (0.2ms)[0m  [1mSELECT "products".* FROM "products"[0m
  [1m[35mProduct Load (0.1ms)[0m  SELECT  "products".* FROM "products" WHERE "products"."id" = ? LIMIT 1  [["id", 8]]
  [1m[36m (0.0ms)[0m  [1mbegin transaction[0m
  [1m[35mSQL (0.2ms)[0m  INSERT INTO "ordered_products" ("order_id", "product_id", "created_at", "updated_at") VALUES (?, ?, ?, ?)  [["order_id", 9], ["product_id", 8], ["created_at", "2016-09-15 21:17:19.618922"], ["updated_at", "2016-09-15 21:17:19.618922"]]
  [1m[36m (2.4ms)[0m  [1mcommit transaction[0m
  [1m[35mCustomer Load (0.1ms)[0m  SELECT "customers".* FROM "customers"
  [1m[36mInvoice Load (0.1ms)[0m  [1mSELECT "invoices".* FROM "invoices"[0m
  [1m[35m (0.1ms)[0m  begin transaction
  [1m[36mSQL (0.2ms)[0m  [1mINSERT INTO "orders" ("customer_id", "invoice_id", "created_at", "updated_at") VALUES (?, ?, ?, ?)[0m  [["customer_id", 1], ["invoice_id", 3], ["created_at", "2016-09-15 21:17:19.624268"], ["updated_at", "2016-09-15 21:17:19.624268"]]
  [1m[35m (2.4ms)[0m  commit transaction
  [1m[36mProduct Load (0.2ms)[0m  [1mSELECT "products".* FROM "products"[0m
  [1m[35mProduct Load (0.1ms)[0m  SELECT  "products".* FROM "products" WHERE "products"."id" = ? LIMIT 1  [["id", 2]]
  [1m[36m (0.1ms)[0m  [1mbegin transaction[0m
  [1m[35mSQL (0.3ms)[0m  INSERT INTO "ordered_products" ("order_id", "product_id", "created_at", "updated_at") VALUES (?, ?, ?, ?)  [["order_id", 10], ["product_id", 2], ["created_at", "2016-09-15 21:17:19.631247"], ["updated_at", "2016-09-15 21:17:19.631247"]]
  [1m[36m (2.5ms)[0m  [1mcommit transaction[0m
  [1m[36m (2.8ms)[0m  [1mCREATE TABLE "customers" ("id" INTEGER PRIMARY KEY AUTOINCREMENT NOT NULL, "name" varchar, "created_at" datetime NOT NULL, "updated_at" datetime NOT NULL) [0m
  [1m[35m (3.5ms)[0m  CREATE TABLE "invoices" ("id" INTEGER PRIMARY KEY AUTOINCREMENT NOT NULL, "created_at" datetime NOT NULL, "updated_at" datetime NOT NULL) 
  [1m[36m (3.8ms)[0m  [1mCREATE TABLE "ordered_products" ("id" INTEGER PRIMARY KEY AUTOINCREMENT NOT NULL, "product_id" integer, "order_id" integer, "created_at" datetime NOT NULL, "updated_at" datetime NOT NULL) [0m
  [1m[35m (3.6ms)[0m  CREATE TABLE "orders" ("id" INTEGER PRIMARY KEY AUTOINCREMENT NOT NULL, "customer_id" integer, "invoice_id" integer, "created_at" datetime NOT NULL, "updated_at" datetime NOT NULL) 
  [1m[36m (3.9ms)[0m  [1mCREATE TABLE "products" ("id" INTEGER PRIMARY KEY AUTOINCREMENT NOT NULL, "name" varchar, "price" integer, "created_at" datetime NOT NULL, "updated_at" datetime NOT NULL, "inventory" integer, "description" varchar) [0m
  [1m[35m (2.7ms)[0m  CREATE TABLE "schema_migrations" ("version" varchar NOT NULL) 
  [1m[36m (0.1ms)[0m  [1mselect sqlite_version(*)[0m
  [1m[35m (2.9ms)[0m  CREATE UNIQUE INDEX "unique_schema_migrations" ON "schema_migrations" ("version")
  [1m[36m (0.2ms)[0m  [1mSELECT version FROM "schema_migrations"[0m
  [1m[35m (3.1ms)[0m  INSERT INTO "schema_migrations" (version) VALUES ('20160221021155')
  [1m[36m (3.9ms)[0m  [1mINSERT INTO "schema_migrations" (version) VALUES ('20160125165439')[0m
  [1m[35m (3.8ms)[0m  INSERT INTO "schema_migrations" (version) VALUES ('20160125170351')
  [1m[36m (3.8ms)[0m  [1mINSERT INTO "schema_migrations" (version) VALUES ('20160125172252')[0m
  [1m[35m (1.5ms)[0m  INSERT INTO "schema_migrations" (version) VALUES ('20160125172335')
  [1m[36m (1.7ms)[0m  [1mINSERT INTO "schema_migrations" (version) VALUES ('20160125172450')[0m
  [1m[35m (3.1ms)[0m  CREATE TABLE "customers" ("id" INTEGER PRIMARY KEY AUTOINCREMENT NOT NULL, "name" varchar, "created_at" datetime NOT NULL, "updated_at" datetime NOT NULL) 
  [1m[36m (3.8ms)[0m  [1mCREATE TABLE "invoices" ("id" INTEGER PRIMARY KEY AUTOINCREMENT NOT NULL, "created_at" datetime NOT NULL, "updated_at" datetime NOT NULL) [0m
  [1m[35m (3.5ms)[0m  CREATE TABLE "ordered_products" ("id" INTEGER PRIMARY KEY AUTOINCREMENT NOT NULL, "product_id" integer, "order_id" integer, "created_at" datetime NOT NULL, "updated_at" datetime NOT NULL) 
  [1m[36m (2.9ms)[0m  [1mCREATE TABLE "orders" ("id" INTEGER PRIMARY KEY AUTOINCREMENT NOT NULL, "customer_id" integer, "invoice_id" integer, "created_at" datetime NOT NULL, "updated_at" datetime NOT NULL) [0m
  [1m[35m (3.6ms)[0m  CREATE TABLE "products" ("id" INTEGER PRIMARY KEY AUTOINCREMENT NOT NULL, "name" varchar, "price" integer, "created_at" datetime NOT NULL, "updated_at" datetime NOT NULL, "inventory" integer, "description" varchar) 
  [1m[36m (2.9ms)[0m  [1mCREATE TABLE "schema_migrations" ("version" varchar NOT NULL) [0m
  [1m[35m (0.2ms)[0m  select sqlite_version(*)
  [1m[36m (2.8ms)[0m  [1mCREATE UNIQUE INDEX "unique_schema_migrations" ON "schema_migrations" ("version")[0m
  [1m[35m (0.2ms)[0m  SELECT version FROM "schema_migrations"
  [1m[36m (3.3ms)[0m  [1mINSERT INTO "schema_migrations" (version) VALUES ('20160221021155')[0m
  [1m[35m (3.8ms)[0m  INSERT INTO "schema_migrations" (version) VALUES ('20160125165439')
  [1m[36m (1.6ms)[0m  [1mINSERT INTO "schema_migrations" (version) VALUES ('20160125170351')[0m
  [1m[35m (1.5ms)[0m  INSERT INTO "schema_migrations" (version) VALUES ('20160125172252')
  [1m[36m (1.4ms)[0m  [1mINSERT INTO "schema_migrations" (version) VALUES ('20160125172335')[0m
  [1m[35m (4.1ms)[0m  INSERT INTO "schema_migrations" (version) VALUES ('20160125172450')
  [1m[36mActiveRecord::SchemaMigration Load (0.1ms)[0m  [1mSELECT "schema_migrations".* FROM "schema_migrations"[0m
  [1m[35m (0.1ms)[0m  begin transaction
  [1m[36mSQL (0.3ms)[0m  [1mINSERT INTO "products" ("name", "price", "created_at", "updated_at") VALUES (?, ?, ?, ?)[0m  [["name", "macbook"], ["price", 119], ["created_at", "2016-09-15 21:17:24.744474"], ["updated_at", "2016-09-15 21:17:24.744474"]]
  [1m[35m (2.4ms)[0m  commit transaction
  [1m[36m (0.1ms)[0m  [1mbegin transaction[0m
  [1m[35mSQL (0.3ms)[0m  INSERT INTO "products" ("name", "price", "created_at", "updated_at") VALUES (?, ?, ?, ?)  [["name", "macbook air"], ["price", 473], ["created_at", "2016-09-15 21:17:24.754180"], ["updated_at", "2016-09-15 21:17:24.754180"]]
  [1m[36m (2.6ms)[0m  [1mcommit transaction[0m
  [1m[35m (0.1ms)[0m  begin transaction
  [1m[36mSQL (0.3ms)[0m  [1mINSERT INTO "products" ("name", "price", "created_at", "updated_at") VALUES (?, ?, ?, ?)[0m  [["name", "tv"], ["price", 1323], ["created_at", "2016-09-15 21:17:24.758754"], ["updated_at", "2016-09-15 21:17:24.758754"]]
  [1m[35m (2.9ms)[0m  commit transaction
  [1m[36m (0.1ms)[0m  [1mbegin transaction[0m
  [1m[35mSQL (0.2ms)[0m  INSERT INTO "products" ("name", "price", "created_at", "updated_at") VALUES (?, ?, ?, ?)  [["name", "lamp"], ["price", 994], ["created_at", "2016-09-15 21:17:24.764036"], ["updated_at", "2016-09-15 21:17:24.764036"]]
  [1m[36m (2.5ms)[0m  [1mcommit transaction[0m
  [1m[35m (0.1ms)[0m  begin transaction
  [1m[36mSQL (0.4ms)[0m  [1mINSERT INTO "products" ("name", "price", "created_at", "updated_at") VALUES (?, ?, ?, ?)[0m  [["name", "lamp"], ["price", 1388], ["created_at", "2016-09-15 21:17:24.769035"], ["updated_at", "2016-09-15 21:17:24.769035"]]
  [1m[35m (2.6ms)[0m  commit transaction
  [1m[36m (0.1ms)[0m  [1mbegin transaction[0m
  [1m[35mSQL (0.2ms)[0m  INSERT INTO "products" ("name", "price", "created_at", "updated_at") VALUES (?, ?, ?, ?)  [["name", "chair"], ["price", 323], ["created_at", "2016-09-15 21:17:24.774331"], ["updated_at", "2016-09-15 21:17:24.774331"]]
  [1m[36m (3.2ms)[0m  [1mcommit transaction[0m
  [1m[35m (0.1ms)[0m  begin transaction
  [1m[36mSQL (0.2ms)[0m  [1mINSERT INTO "products" ("name", "price", "created_at", "updated_at") VALUES (?, ?, ?, ?)[0m  [["name", "chair"], ["price", 179], ["created_at", "2016-09-15 21:17:24.779546"], ["updated_at", "2016-09-15 21:17:24.779546"]]
  [1m[35m (2.6ms)[0m  commit transaction
  [1m[36m (0.1ms)[0m  [1mbegin transaction[0m
  [1m[35mSQL (0.3ms)[0m  INSERT INTO "products" ("name", "price", "created_at", "updated_at") VALUES (?, ?, ?, ?)  [["name", "lamp"], ["price", 1053], ["created_at", "2016-09-15 21:17:24.784133"], ["updated_at", "2016-09-15 21:17:24.784133"]]
  [1m[36m (2.5ms)[0m  [1mcommit transaction[0m
  [1m[35m (0.1ms)[0m  begin transaction
  [1m[36mSQL (0.3ms)[0m  [1mINSERT INTO "products" ("name", "price", "created_at", "updated_at") VALUES (?, ?, ?, ?)[0m  [["name", "desk"], ["price", 898], ["created_at", "2016-09-15 21:17:24.788909"], ["updated_at", "2016-09-15 21:17:24.788909"]]
  [1m[35m (2.6ms)[0m  commit transaction
  [1m[36m (0.1ms)[0m  [1mbegin transaction[0m
  [1m[35mSQL (0.3ms)[0m  INSERT INTO "products" ("name", "price", "created_at", "updated_at") VALUES (?, ?, ?, ?)  [["name", "macbook air"], ["price", 1350], ["created_at", "2016-09-15 21:17:24.793734"], ["updated_at", "2016-09-15 21:17:24.793734"]]
  [1m[36m (2.6ms)[0m  [1mcommit transaction[0m
  [1m[35m (0.0ms)[0m  begin transaction
  [1m[36mSQL (0.3ms)[0m  [1mINSERT INTO "customers" ("name", "created_at", "updated_at") VALUES (?, ?, ?)[0m  [["name", "Ralph Streich"], ["created_at", "2016-09-15 21:17:25.138410"], ["updated_at", "2016-09-15 21:17:25.138410"]]
  [1m[35m (2.3ms)[0m  commit transaction
  [1m[36m (0.1ms)[0m  [1mbegin transaction[0m
  [1m[35mSQL (0.3ms)[0m  INSERT INTO "customers" ("name", "created_at", "updated_at") VALUES (?, ?, ?)  [["name", "Aric Durgan"], ["created_at", "2016-09-15 21:17:25.142724"], ["updated_at", "2016-09-15 21:17:25.142724"]]
  [1m[36m (2.7ms)[0m  [1mcommit transaction[0m
  [1m[35m (0.1ms)[0m  begin transaction
  [1m[36mSQL (0.2ms)[0m  [1mINSERT INTO "customers" ("name", "created_at", "updated_at") VALUES (?, ?, ?)[0m  [["name", "Rae Parker"], ["created_at", "2016-09-15 21:17:25.147470"], ["updated_at", "2016-09-15 21:17:25.147470"]]
  [1m[35m (2.8ms)[0m  commit transaction
  [1m[36m (0.1ms)[0m  [1mbegin transaction[0m
  [1m[35mSQL (0.4ms)[0m  INSERT INTO "customers" ("name", "created_at", "updated_at") VALUES (?, ?, ?)  [["name", "Henry Witting"], ["created_at", "2016-09-15 21:17:25.152075"], ["updated_at", "2016-09-15 21:17:25.152075"]]
  [1m[36m (2.5ms)[0m  [1mcommit transaction[0m
  [1m[35m (0.1ms)[0m  begin transaction
  [1m[36mSQL (0.3ms)[0m  [1mINSERT INTO "customers" ("name", "created_at", "updated_at") VALUES (?, ?, ?)[0m  [["name", "Kenny Ruecker"], ["created_at", "2016-09-15 21:17:25.156726"], ["updated_at", "2016-09-15 21:17:25.156726"]]
  [1m[35m (2.7ms)[0m  commit transaction
  [1m[36m (0.1ms)[0m  [1mbegin transaction[0m
  [1m[35mSQL (0.2ms)[0m  INSERT INTO "invoices" ("created_at", "updated_at") VALUES (?, ?)  [["created_at", "2016-09-15 21:17:25.166921"], ["updated_at", "2016-09-15 21:17:25.166921"]]
  [1m[36m (2.5ms)[0m  [1mcommit transaction[0m
  [1m[35m (0.1ms)[0m  begin transaction
  [1m[36mSQL (0.2ms)[0m  [1mINSERT INTO "invoices" ("created_at", "updated_at") VALUES (?, ?)[0m  [["created_at", "2016-09-15 21:17:25.170985"], ["updated_at", "2016-09-15 21:17:25.170985"]]
  [1m[35m (2.9ms)[0m  commit transaction
  [1m[36m (0.1ms)[0m  [1mbegin transaction[0m
  [1m[35mSQL (0.2ms)[0m  INSERT INTO "invoices" ("created_at", "updated_at") VALUES (?, ?)  [["created_at", "2016-09-15 21:17:25.175335"], ["updated_at", "2016-09-15 21:17:25.175335"]]
  [1m[36m (3.0ms)[0m  [1mcommit transaction[0m
  [1m[35m (0.1ms)[0m  begin transaction
  [1m[36mSQL (0.3ms)[0m  [1mINSERT INTO "invoices" ("created_at", "updated_at") VALUES (?, ?)[0m  [["created_at", "2016-09-15 21:17:25.180462"], ["updated_at", "2016-09-15 21:17:25.180462"]]
  [1m[35m (2.5ms)[0m  commit transaction
  [1m[36m (0.1ms)[0m  [1mbegin transaction[0m
  [1m[35mSQL (0.3ms)[0m  INSERT INTO "invoices" ("created_at", "updated_at") VALUES (?, ?)  [["created_at", "2016-09-15 21:17:25.185145"], ["updated_at", "2016-09-15 21:17:25.185145"]]
  [1m[36m (2.3ms)[0m  [1mcommit transaction[0m
  [1m[35mCustomer Load (0.2ms)[0m  SELECT "customers".* FROM "customers"
  [1m[36mInvoice Load (0.2ms)[0m  [1mSELECT "invoices".* FROM "invoices"[0m
  [1m[35m (0.1ms)[0m  begin transaction
  [1m[36mSQL (0.4ms)[0m  [1mINSERT INTO "orders" ("customer_id", "invoice_id", "created_at", "updated_at") VALUES (?, ?, ?, ?)[0m  [["customer_id", 4], ["invoice_id", 4], ["created_at", "2016-09-15 21:17:25.200815"], ["updated_at", "2016-09-15 21:17:25.200815"]]
  [1m[35m (2.6ms)[0m  commit transaction
  [1m[36mProduct Load (0.1ms)[0m  [1mSELECT "products".* FROM "products"[0m
  [1m[35mProduct Load (0.2ms)[0m  SELECT  "products".* FROM "products" WHERE "products"."id" = ? LIMIT 1  [["id", 2]]
  [1m[36m (0.0ms)[0m  [1mbegin transaction[0m
  [1m[35mSQL (0.4ms)[0m  INSERT INTO "ordered_products" ("order_id", "product_id", "created_at", "updated_at") VALUES (?, ?, ?, ?)  [["order_id", 1], ["product_id", 2], ["created_at", "2016-09-15 21:17:25.239707"], ["updated_at", "2016-09-15 21:17:25.239707"]]
  [1m[36m (2.3ms)[0m  [1mcommit transaction[0m
  [1m[35mCustomer Load (0.1ms)[0m  SELECT "customers".* FROM "customers"
  [1m[36mInvoice Load (0.1ms)[0m  [1mSELECT "invoices".* FROM "invoices"[0m
  [1m[35m (0.1ms)[0m  begin transaction
  [1m[36mSQL (0.5ms)[0m  [1mINSERT INTO "orders" ("customer_id", "invoice_id", "created_at", "updated_at") VALUES (?, ?, ?, ?)[0m  [["customer_id", 2], ["invoice_id", 4], ["created_at", "2016-09-15 21:17:25.245712"], ["updated_at", "2016-09-15 21:17:25.245712"]]
  [1m[35m (2.3ms)[0m  commit transaction
  [1m[36mProduct Load (0.4ms)[0m  [1mSELECT "products".* FROM "products"[0m
  [1m[35mProduct Load (0.1ms)[0m  SELECT  "products".* FROM "products" WHERE "products"."id" = ? LIMIT 1  [["id", 8]]
  [1m[36m (0.0ms)[0m  [1mbegin transaction[0m
  [1m[35mSQL (0.3ms)[0m  INSERT INTO "ordered_products" ("order_id", "product_id", "created_at", "updated_at") VALUES (?, ?, ?, ?)  [["order_id", 2], ["product_id", 8], ["created_at", "2016-09-15 21:17:25.253965"], ["updated_at", "2016-09-15 21:17:25.253965"]]
  [1m[36m (2.5ms)[0m  [1mcommit transaction[0m
  [1m[35mCustomer Load (0.1ms)[0m  SELECT "customers".* FROM "customers"
  [1m[36mInvoice Load (0.1ms)[0m  [1mSELECT "invoices".* FROM "invoices"[0m
  [1m[35m (0.0ms)[0m  begin transaction
  [1m[36mSQL (0.2ms)[0m  [1mINSERT INTO "orders" ("customer_id", "invoice_id", "created_at", "updated_at") VALUES (?, ?, ?, ?)[0m  [["customer_id", 5], ["invoice_id", 2], ["created_at", "2016-09-15 21:17:25.259170"], ["updated_at", "2016-09-15 21:17:25.259170"]]
  [1m[35m (4.9ms)[0m  commit transaction
  [1m[36mProduct Load (0.3ms)[0m  [1mSELECT "products".* FROM "products"[0m
  [1m[35mProduct Load (0.1ms)[0m  SELECT  "products".* FROM "products" WHERE "products"."id" = ? LIMIT 1  [["id", 2]]
  [1m[36m (0.1ms)[0m  [1mbegin transaction[0m
  [1m[35mSQL (0.2ms)[0m  INSERT INTO "ordered_products" ("order_id", "product_id", "created_at", "updated_at") VALUES (?, ?, ?, ?)  [["order_id", 3], ["product_id", 2], ["created_at", "2016-09-15 21:17:25.268505"], ["updated_at", "2016-09-15 21:17:25.268505"]]
  [1m[36m (2.6ms)[0m  [1mcommit transaction[0m
  [1m[35mCustomer Load (0.2ms)[0m  SELECT "customers".* FROM "customers"
  [1m[36mInvoice Load (0.1ms)[0m  [1mSELECT "invoices".* FROM "invoices"[0m
  [1m[35m (0.0ms)[0m  begin transaction
  [1m[36mSQL (0.2ms)[0m  [1mINSERT INTO "orders" ("customer_id", "invoice_id", "created_at", "updated_at") VALUES (?, ?, ?, ?)[0m  [["customer_id", 3], ["invoice_id", 5], ["created_at", "2016-09-15 21:17:25.274145"], ["updated_at", "2016-09-15 21:17:25.274145"]]
  [1m[35m (2.6ms)[0m  commit transaction
  [1m[36mProduct Load (0.4ms)[0m  [1mSELECT "products".* FROM "products"[0m
  [1m[35mProduct Load (0.1ms)[0m  SELECT  "products".* FROM "products" WHERE "products"."id" = ? LIMIT 1  [["id", 3]]
  [1m[36m (0.0ms)[0m  [1mbegin transaction[0m
  [1m[35mSQL (0.2ms)[0m  INSERT INTO "ordered_products" ("order_id", "product_id", "created_at", "updated_at") VALUES (?, ?, ?, ?)  [["order_id", 4], ["product_id", 3], ["created_at", "2016-09-15 21:17:25.282265"], ["updated_at", "2016-09-15 21:17:25.282265"]]
  [1m[36m (2.5ms)[0m  [1mcommit transaction[0m
  [1m[35mCustomer Load (0.3ms)[0m  SELECT "customers".* FROM "customers"
  [1m[36mInvoice Load (0.1ms)[0m  [1mSELECT "invoices".* FROM "invoices"[0m
  [1m[35m (0.0ms)[0m  begin transaction
  [1m[36mSQL (0.2ms)[0m  [1mINSERT INTO "orders" ("customer_id", "invoice_id", "created_at", "updated_at") VALUES (?, ?, ?, ?)[0m  [["customer_id", 5], ["invoice_id", 3], ["created_at", "2016-09-15 21:17:25.287859"], ["updated_at", "2016-09-15 21:17:25.287859"]]
  [1m[35m (5.1ms)[0m  commit transaction
  [1m[36mProduct Load (0.2ms)[0m  [1mSELECT "products".* FROM "products"[0m
  [1m[35mProduct Load (0.1ms)[0m  SELECT  "products".* FROM "products" WHERE "products"."id" = ? LIMIT 1  [["id", 5]]
  [1m[36m (0.1ms)[0m  [1mbegin transaction[0m
  [1m[35mSQL (0.2ms)[0m  INSERT INTO "ordered_products" ("order_id", "product_id", "created_at", "updated_at") VALUES (?, ?, ?, ?)  [["order_id", 5], ["product_id", 5], ["created_at", "2016-09-15 21:17:25.298660"], ["updated_at", "2016-09-15 21:17:25.298660"]]
  [1m[36m (2.5ms)[0m  [1mcommit transaction[0m
  [1m[35mCustomer Load (0.2ms)[0m  SELECT "customers".* FROM "customers"
  [1m[36mInvoice Load (0.1ms)[0m  [1mSELECT "invoices".* FROM "invoices"[0m
  [1m[35m (0.1ms)[0m  begin transaction
  [1m[36mSQL (0.3ms)[0m  [1mINSERT INTO "orders" ("customer_id", "invoice_id", "created_at", "updated_at") VALUES (?, ?, ?, ?)[0m  [["customer_id", 4], ["invoice_id", 3], ["created_at", "2016-09-15 21:17:25.304588"], ["updated_at", "2016-09-15 21:17:25.304588"]]
  [1m[35m (2.4ms)[0m  commit transaction
  [1m[36mProduct Load (0.2ms)[0m  [1mSELECT "products".* FROM "products"[0m
  [1m[35mProduct Load (0.1ms)[0m  SELECT  "products".* FROM "products" WHERE "products"."id" = ? LIMIT 1  [["id", 10]]
  [1m[36m (0.0ms)[0m  [1mbegin transaction[0m
  [1m[35mSQL (0.3ms)[0m  INSERT INTO "ordered_products" ("order_id", "product_id", "created_at", "updated_at") VALUES (?, ?, ?, ?)  [["order_id", 6], ["product_id", 10], ["created_at", "2016-09-15 21:17:25.310874"], ["updated_at", "2016-09-15 21:17:25.310874"]]
  [1m[36m (2.4ms)[0m  [1mcommit transaction[0m
  [1m[35mCustomer Load (0.1ms)[0m  SELECT "customers".* FROM "customers"
  [1m[36mInvoice Load (0.2ms)[0m  [1mSELECT "invoices".* FROM "invoices"[0m
  [1m[35m (0.1ms)[0m  begin transaction
  [1m[36mSQL (0.2ms)[0m  [1mINSERT INTO "orders" ("customer_id", "invoice_id", "created_at", "updated_at") VALUES (?, ?, ?, ?)[0m  [["customer_id", 5], ["invoice_id", 4], ["created_at", "2016-09-15 21:17:25.316366"], ["updated_at", "2016-09-15 21:17:25.316366"]]
  [1m[35m (2.5ms)[0m  commit transaction
  [1m[36mProduct Load (0.2ms)[0m  [1mSELECT "products".* FROM "products"[0m
  [1m[35mProduct Load (0.1ms)[0m  SELECT  "products".* FROM "products" WHERE "products"."id" = ? LIMIT 1  [["id", 6]]
  [1m[36m (0.0ms)[0m  [1mbegin transaction[0m
  [1m[35mSQL (0.3ms)[0m  INSERT INTO "ordered_products" ("order_id", "product_id", "created_at", "updated_at") VALUES (?, ?, ?, ?)  [["order_id", 7], ["product_id", 6], ["created_at", "2016-09-15 21:17:25.323055"], ["updated_at", "2016-09-15 21:17:25.323055"]]
  [1m[36m (2.7ms)[0m  [1mcommit transaction[0m
  [1m[35mCustomer Load (0.2ms)[0m  SELECT "customers".* FROM "customers"
  [1m[36mInvoice Load (0.1ms)[0m  [1mSELECT "invoices".* FROM "invoices"[0m
  [1m[35m (0.1ms)[0m  begin transaction
  [1m[36mSQL (0.6ms)[0m  [1mINSERT INTO "orders" ("customer_id", "invoice_id", "created_at", "updated_at") VALUES (?, ?, ?, ?)[0m  [["customer_id", 1], ["invoice_id", 5], ["created_at", "2016-09-15 21:17:25.329300"], ["updated_at", "2016-09-15 21:17:25.329300"]]
  [1m[35m (2.4ms)[0m  commit transaction
  [1m[36mProduct Load (0.2ms)[0m  [1mSELECT "products".* FROM "products"[0m
  [1m[35mProduct Load (0.1ms)[0m  SELECT  "products".* FROM "products" WHERE "products"."id" = ? LIMIT 1  [["id", 6]]
  [1m[36m (0.0ms)[0m  [1mbegin transaction[0m
  [1m[35mSQL (0.2ms)[0m  INSERT INTO "ordered_products" ("order_id", "product_id", "created_at", "updated_at") VALUES (?, ?, ?, ?)  [["order_id", 8], ["product_id", 6], ["created_at", "2016-09-15 21:17:25.336420"], ["updated_at", "2016-09-15 21:17:25.336420"]]
  [1m[36m (2.4ms)[0m  [1mcommit transaction[0m
  [1m[35mCustomer Load (0.2ms)[0m  SELECT "customers".* FROM "customers"
  [1m[36mInvoice Load (0.1ms)[0m  [1mSELECT "invoices".* FROM "invoices"[0m
  [1m[35m (0.0ms)[0m  begin transaction
  [1m[36mSQL (0.4ms)[0m  [1mINSERT INTO "orders" ("customer_id", "invoice_id", "created_at", "updated_at") VALUES (?, ?, ?, ?)[0m  [["customer_id", 3], ["invoice_id", 4], ["created_at", "2016-09-15 21:17:25.341512"], ["updated_at", "2016-09-15 21:17:25.341512"]]
  [1m[35m (2.6ms)[0m  commit transaction
  [1m[36mProduct Load (0.2ms)[0m  [1mSELECT "products".* FROM "products"[0m
  [1m[35mProduct Load (0.1ms)[0m  SELECT  "products".* FROM "products" WHERE "products"."id" = ? LIMIT 1  [["id", 10]]
  [1m[36m (0.1ms)[0m  [1mbegin transaction[0m
  [1m[35mSQL (0.2ms)[0m  INSERT INTO "ordered_products" ("order_id", "product_id", "created_at", "updated_at") VALUES (?, ?, ?, ?)  [["order_id", 9], ["product_id", 10], ["created_at", "2016-09-15 21:17:25.349015"], ["updated_at", "2016-09-15 21:17:25.349015"]]
  [1m[36m (5.2ms)[0m  [1mcommit transaction[0m
  [1m[35mCustomer Load (0.2ms)[0m  SELECT "customers".* FROM "customers"
  [1m[36mInvoice Load (0.1ms)[0m  [1mSELECT "invoices".* FROM "invoices"[0m
  [1m[35m (0.0ms)[0m  begin transaction
  [1m[36mSQL (0.2ms)[0m  [1mINSERT INTO "orders" ("customer_id", "invoice_id", "created_at", "updated_at") VALUES (?, ?, ?, ?)[0m  [["customer_id", 4], ["invoice_id", 5], ["created_at", "2016-09-15 21:17:25.357010"], ["updated_at", "2016-09-15 21:17:25.357010"]]
  [1m[35m (2.4ms)[0m  commit transaction
  [1m[36mProduct Load (0.2ms)[0m  [1mSELECT "products".* FROM "products"[0m
  [1m[35mProduct Load (0.1ms)[0m  SELECT  "products".* FROM "products" WHERE "products"."id" = ? LIMIT 1  [["id", 4]]
  [1m[36m (0.2ms)[0m  [1mbegin transaction[0m
  [1m[35mSQL (0.2ms)[0m  INSERT INTO "ordered_products" ("order_id", "product_id", "created_at", "updated_at") VALUES (?, ?, ?, ?)  [["order_id", 10], ["product_id", 4], ["created_at", "2016-09-15 21:17:25.364403"], ["updated_at", "2016-09-15 21:17:25.364403"]]
  [1m[36m (2.5ms)[0m  [1mcommit transaction[0m
